#
# A fatal error has been detected by the Java Runtime Environment:
#
#  SIGSEGV (0xb) at pc=0x000000010f44d69c, pid=99595, tid=0x0000000000001003
#
# JRE version: Java(TM) SE Runtime Environment (8.0_231-b11) (build 1.8.0_231-b11)
# Java VM: Java HotSpot(TM) 64-Bit Server VM (25.231-b11 mixed mode bsd-amd64 compressed oops)
# Problematic frame:
# C  [librocksdbjni1755748310318005353.jnilib+0x19669c]  rocksdb::MemTable::GetMinLogContainingPrepSection()+0x127c
#
# Failed to write core dump. Core dumps have been disabled. To enable core dumping, try "ulimit -c unlimited" before starting Java again
#
# If you would like to submit a bug report, please visit:
#   http://bugreport.java.com/bugreport/crash.jsp
# The crash happened outside the Java Virtual Machine in native code.
# See problematic frame for where to report the bug.
#

---------------  T H R E A D  ---------------

Current thread (0x00007fadd400c000):  JavaThread "main" [_thread_in_native, id=4099, stack(0x00007000051fd000,0x00007000052fd000)]

siginfo: si_signo: 11 (SIGSEGV), si_code: 1 (SEGV_MAPERR), si_addr: 0x0000000000000008

Registers:
RAX=0x0000000000000008, RBX=0x00007fadd400c1f8, RCX=0x00007fadd40ed840, RDX=0x00007fadd40ed800
RSP=0x00007000052fc6b0, RBP=0x00007000052fc6c0, RSI=0x00007000052fc7a0, RDI=0x00007fadd40ee2d0
R8 =0x0000000000000289, R9 =0x0000000000000000, R10=0x00000001123eba5c, R11=0x000000010a4e96e3
R12=0x0000000000000000, R13=0x000000010ce3f1b8, R14=0x00007000052fc7a0, R15=0x00007fadd400c000
RIP=0x000000010f44d69c, EFLAGS=0x0000000000010202, ERR=0x0000000000000004
  TRAPNO=0x000000000000000e

Top of Stack: (sp=0x00007000052fc6b0)
0x00007000052fc6b0:   0000000000000000 00000000123ec291
0x00007000052fc6c0:   00007000052fc6d0 000000010f30c3e1
0x00007000052fc6d0:   00007000052fc700 000000010f2c7b47
0x00007000052fc6e0:   000000010ce3f1b8 0000000000000000
0x00007000052fc6f0:   00007000052fc7a0 00007fadd400c000
0x00007000052fc700:   00007000052fc770 00000001123eba88
0x00007000052fc710:   0000000000000000 00000001123ec291
0x00007000052fc720:   00000001123d335d 0000000000000000
0x00007000052fc730:   00007000052fc730 0000000000000000
0x00007000052fc740:   00007000052fc7a0 000000010ce40ec8
0x00007000052fc750:   0000000000000000 000000010ce3f1b8
0x00007000052fc760:   0000000000000000 00007000052fc790
0x00007000052fc770:   00007000052fc7e8 00000001123d30e0
0x00007000052fc780:   0000000000000000 00000001123e1d3b
0x00007000052fc790:   00007fadd40ed800 00007fadd40ed800
0x00007000052fc7a0:   000000076b81b300 00007000052fc7a8
0x00007000052fc7b0:   000000010ce3e82a 00007000052fc7f8
0x00007000052fc7c0:   000000010ce40ec8 0000000000000000
0x00007000052fc7d0:   000000010ce3e838 00007000052fc790
0x00007000052fc7e0:   00007000052fc7f8 00007000052fc840
0x00007000052fc7f0:   00000001123d30e0 000000076b81b300
0x00007000052fc800:   00007000052fc800 000000010ce3dcd4
0x00007000052fc810:   00007000052fc850 000000010ce3de68
0x00007000052fc820:   0000000000000000 000000010ce3dcf0
0x00007000052fc830:   00007000052fc7f8 00007000052fc850
0x00007000052fc840:   00007000052fc898 00000001123d30e0
0x00007000052fc850:   000000076b81b2f0 00007000052fc858
0x00007000052fc860:   000000010ce69e24 00007000052fc8a8
0x00007000052fc870:   000000010ce6a058 0000000000000000
0x00007000052fc880:   000000010ce69e40 00007000052fc850
0x00007000052fc890:   00007000052fc8a8 00007000052fc8f0
0x00007000052fc8a0:   00000001123d31b4 000000076b960a20 

Instructions: (pc=0x000000010f44d69c)
0x000000010f44d67c:   00 00 00 00 55 48 89 e5 48 83 ec 10 48 8b bf b8
0x000000010f44d68c:   00 00 00 48 8b 07 ff 50 18 c7 45 fc 00 00 00 00
0x000000010f44d69c:   0f b6 08 84 c9 78 08 89 4d fc 48 ff c0 eb 16 48
0x000000010f44d6ac:   89 c6 48 83 c6 05 48 8d 55 fc 48 89 c7 e8 d2 f4 

Register to memory mapping:

RAX=0x0000000000000008 is an unknown value
RBX=0x00007fadd400c1f8 is an unknown value
RCX=0x00007fadd40ed840 is an unknown value
RDX=0x00007fadd40ed800 is an unknown value
RSP=0x00007000052fc6b0 is pointing into the stack for thread: 0x00007fadd400c000
RBP=0x00007000052fc6c0 is pointing into the stack for thread: 0x00007fadd400c000
RSI=0x00007000052fc7a0 is pointing into the stack for thread: 0x00007fadd400c000
RDI=0x00007fadd40ee2d0 is an unknown value
R8 =0x0000000000000289 is an unknown value
R9 =0x0000000000000000 is an unknown value
R10=0x00000001123eba5c is at code_begin+1596 in an Interpreter codelet
method entry point (kind = native)  [0x00000001123eb420, 0x00000001123ec3e0]  4032 bytes
R11=0x000000010a4e96e3: throw_unsatisfied_link_error+0 in /Library/Java/JavaVirtualMachines/jdk1.8.0_231.jdk/Contents/Home/jre/lib/server/libjvm.dylib at 0x000000010a000000
R12=0x0000000000000000 is an unknown value
R13={method} {0x000000010ce3f1b8} 'value0' '(J)[B' in 'org/rocksdb/RocksIterator'
R14=0x00007000052fc7a0 is pointing into the stack for thread: 0x00007fadd400c000
R15=0x00007fadd400c000 is a thread


Stack: [0x00007000051fd000,0x00007000052fd000],  sp=0x00007000052fc6b0,  free space=1021k
Native frames: (J=compiled Java code, j=interpreted, Vv=VM code, C=native code)
C  [librocksdbjni1755748310318005353.jnilib+0x19669c]  rocksdb::MemTable::GetMinLogContainingPrepSection()+0x127c
C  [librocksdbjni1755748310318005353.jnilib+0x553e1]  rocksdb::NewArenaWrappedDbIterator(rocksdb::Env*, rocksdb::ReadOptions const&, rocksdb::ImmutableOptions const&, rocksdb::MutableCFOptions const&, rocksdb::Version const*, unsigned long long const&, unsigned long long, unsigned long long, rocksdb::ReadCallback*, rocksdb::DBImpl*, rocksdb::ColumnFamilyData*, bool, bool)+0x3a1
C  [librocksdbjni1755748310318005353.jnilib+0x10b47]  Java_org_rocksdb_RocksIterator_value0+0x17
j  org.rocksdb.RocksIterator.value0(J)[B+0
j  org.rocksdb.RocksIterator.value()[B+26
j  utils.StateIterator.RocksIteratorWrapper.value()[B+4
j  utils.StateIterator.RocksSingleStateIterator.value()[B+4
j  RocksStatePerKeyGroupMerageIterator.value()[B+4
j  RocksDBTest.main([Ljava/lang/String;)V+562
v  ~StubRoutines::call_stub
V  [libjvm.dylib+0x2f0792]  JavaCalls::call_helper(JavaValue*, methodHandle*, JavaCallArguments*, Thread*)+0x6ae
V  [libjvm.dylib+0x327739]  jni_invoke_static(JNIEnv_*, JavaValue*, _jobject*, JNICallType, _jmethodID*, JNI_ArgumentPusher*, Thread*)+0x1bf
V  [libjvm.dylib+0x3204c5]  jni_CallStaticVoidMethod+0x15d
C  [java+0x38c6]  JavaMain+0x9c4
C  [libsystem_pthread.dylib+0x68fc]  _pthread_start+0xe0
C  [libsystem_pthread.dylib+0x2443]  thread_start+0xf
C  0x0000000000000000

Java frames: (J=compiled Java code, j=interpreted, Vv=VM code)
j  org.rocksdb.RocksIterator.value0(J)[B+0
j  org.rocksdb.RocksIterator.value()[B+26
j  utils.StateIterator.RocksIteratorWrapper.value()[B+4
j  utils.StateIterator.RocksSingleStateIterator.value()[B+4
j  RocksStatePerKeyGroupMerageIterator.value()[B+4
j  RocksDBTest.main([Ljava/lang/String;)V+562
v  ~StubRoutines::call_stub

---------------  P R O C E S S  ---------------

Java Threads: ( => current thread )
  0x00007fadd319b800 JavaThread "process reaper" daemon [_thread_blocked, id=22787, stack(0x0000700006945000,0x000070000696d000)]
  0x00007fadd3132800 JavaThread "Service Thread" daemon [_thread_blocked, id=22019, stack(0x000070000673f000,0x000070000683f000)]
  0x00007fadd3110000 JavaThread "C1 CompilerThread3" daemon [_thread_blocked, id=21763, stack(0x000070000663c000,0x000070000673c000)]
  0x00007fadd405b800 JavaThread "C2 CompilerThread2" daemon [_thread_blocked, id=16131, stack(0x0000700006539000,0x0000700006639000)]
  0x00007fadd310f000 JavaThread "C2 CompilerThread1" daemon [_thread_blocked, id=16899, stack(0x0000700006436000,0x0000700006536000)]
  0x00007fadd405b000 JavaThread "C2 CompilerThread0" daemon [_thread_blocked, id=17155, stack(0x0000700006333000,0x0000700006433000)]
  0x00007fadd6009000 JavaThread "JDWP Command Reader" daemon [_thread_in_native, id=15363, stack(0x0000700006230000,0x0000700006330000)]
  0x00007fadd381a800 JavaThread "JDWP Event Helper Thread" daemon [_thread_blocked, id=15107, stack(0x000070000612d000,0x000070000622d000)]
  0x00007fadd380b000 JavaThread "JDWP Transport Listener: dt_socket" daemon [_thread_blocked, id=17927, stack(0x000070000602a000,0x000070000612a000)]
  0x00007fadd3819000 JavaThread "Signal Dispatcher" daemon [_thread_blocked, id=18179, stack(0x0000700005f27000,0x0000700006027000)]
  0x00007fadd3013000 JavaThread "Finalizer" daemon [_thread_blocked, id=19715, stack(0x0000700005d1e000,0x0000700005e1e000)]
  0x00007fadd3809000 JavaThread "Reference Handler" daemon [_thread_blocked, id=19971, stack(0x0000700005c1b000,0x0000700005d1b000)]
=>0x00007fadd400c000 JavaThread "main" [_thread_in_native, id=4099, stack(0x00007000051fd000,0x00007000052fd000)]

Other Threads:
  0x00007fadd5035800 VMThread [stack: 0x0000700005b18000,0x0000700005c18000] [id=20227]
  0x00007fadd3134000 WatcherThread [stack: 0x0000700006842000,0x0000700006942000] [id=22275]

VM state:not at safepoint (normal execution)

VM Mutex/Monitor currently owned by a thread: None

heap address: 0x00000006c0000000, size: 4096 MB, Compressed Oops mode: Zero based, Oop shift amount: 3
Narrow klass base: 0x0000000000000000, Narrow klass shift: 3
Compressed class space size: 1073741824 Address: 0x00000007c0000000

Heap:
 PSYoungGen      total 76288K, used 15731K [0x000000076ab00000, 0x0000000770000000, 0x00000007c0000000)
  eden space 65536K, 24% used [0x000000076ab00000,0x000000076ba5cd80,0x000000076eb00000)
  from space 10752K, 0% used [0x000000076f580000,0x000000076f580000,0x0000000770000000)
  to   space 10752K, 0% used [0x000000076eb00000,0x000000076eb00000,0x000000076f580000)
 ParOldGen       total 175104K, used 0K [0x00000006c0000000, 0x00000006cab00000, 0x000000076ab00000)
  object space 175104K, 0% used [0x00000006c0000000,0x00000006c0000000,0x00000006cab00000)
 Metaspace       used 6329K, capacity 6492K, committed 6656K, reserved 1056768K
  class space    used 694K, capacity 741K, committed 768K, reserved 1048576K

Card table byte_map: [0x000000010b37a000,0x000000010bb7b000] byte_map_base: 0x0000000107d7a000

Marking Bits: (ParMarkBitMap*) 0x000000010a8fceb0
 Begin Bits: [0x00000001213cb000, 0x00000001253cb000)
 End Bits:   [0x00000001253cb000, 0x00000001293cb000)

Polling page: 0x0000000105d93000

CodeCache: size=245760Kb used=2276Kb max_used=2278Kb free=243483Kb
 bounds [0x00000001123cb000, 0x000000011263b000, 0x00000001213cb000]
 total_blobs=841 nmethods=508 adapters=255
 compilation: enabled

Compilation events (10 events):
Event: 0.627 Thread 0x00007fadd3110000 nmethod 503 0x0000000112602fd0 code [0x0000000112603140, 0x00000001126032f0]
Event: 0.627 Thread 0x00007fadd3110000  502       3       java.nio.ByteBuffer::array (35 bytes)
Event: 0.627 Thread 0x00007fadd3110000 nmethod 502 0x0000000112602950 code [0x0000000112602b00, 0x0000000112602e38]
Event: 0.627 Thread 0x00007fadd3110000  504       3       java.io.BufferedWriter::ensureOpen (18 bytes)
Event: 0.627 Thread 0x00007fadd3110000 nmethod 504 0x0000000112602490 code [0x0000000112602620, 0x0000000112602888]
Event: 0.627 Thread 0x00007fadd3110000  506  s    3       java.io.BufferedOutputStream::flush (12 bytes)
Event: 0.628 Thread 0x00007fadd3110000 nmethod 506 0x0000000112604950 code [0x0000000112604ae0, 0x0000000112604fd8]
Event: 0.628 Thread 0x00007fadd3110000  505       1       sun.nio.cs.StreamEncoder::isOpen (5 bytes)
Event: 0.628 Thread 0x00007fadd3110000 nmethod 505 0x00000001126021d0 code [0x0000000112602320, 0x0000000112602430]
Event: 0.628 Thread 0x00007fadd3110000  507       3       java.io.BufferedOutputStream::flushBuffer (29 bytes)

GC Heap History (0 events):
No events

Deoptimization events (0 events):
No events

Classes redefined (0 events):
No events

Internal exceptions (8 events):
Event: 0.031 Thread 0x00007fadd400c000 Exception <a 'java/lang/NoSuchMethodError': Method sun.misc.Unsafe.defineClass(Ljava/lang/String;[BII)Ljava/lang/Class; name or signature does not match> (0x000000076ab07cb8) thrown at [/Users/java_re/workspace/8-2-build-macosx-x86_64/jdk8u231/13620/hotsp
Event: 0.031 Thread 0x00007fadd400c000 Exception <a 'java/lang/NoSuchMethodError': Method sun.misc.Unsafe.prefetchRead(Ljava/lang/Object;J)V name or signature does not match> (0x000000076ab07fa0) thrown at [/Users/java_re/workspace/8-2-build-macosx-x86_64/jdk8u231/13620/hotspot/src/share/vm/pr
Event: 0.234 Thread 0x00007fadd400c000 Exception <a 'java/lang/NoSuchFieldError': method resolution failed> (0x000000076b2272b0) thrown at [/Users/java_re/workspace/8-2-build-macosx-x86_64/jdk8u231/13620/hotspot/src/share/vm/prims/methodHandles.cpp, line 1167]
Event: 0.236 Thread 0x00007fadd400c000 Exception <a 'java/lang/NoSuchFieldError': method resolution failed> (0x000000076b235c00) thrown at [/Users/java_re/workspace/8-2-build-macosx-x86_64/jdk8u231/13620/hotspot/src/share/vm/prims/methodHandles.cpp, line 1167]
Event: 0.293 Thread 0x00007fadd400c000 Exception <a 'java/security/PrivilegedActionException'> (0x000000076b3d4518) thrown at [/Users/java_re/workspace/8-2-build-macosx-x86_64/jdk8u231/13620/hotspot/src/share/vm/prims/jvm.cpp, line 1502]
Event: 0.293 Thread 0x00007fadd400c000 Exception <a 'java/security/PrivilegedActionException'> (0x000000076b3d4910) thrown at [/Users/java_re/workspace/8-2-build-macosx-x86_64/jdk8u231/13620/hotspot/src/share/vm/prims/jvm.cpp, line 1502]
Event: 0.293 Thread 0x00007fadd400c000 Exception <a 'java/security/PrivilegedActionException'> (0x000000076b3d8010) thrown at [/Users/java_re/workspace/8-2-build-macosx-x86_64/jdk8u231/13620/hotspot/src/share/vm/prims/jvm.cpp, line 1502]
Event: 0.293 Thread 0x00007fadd400c000 Exception <a 'java/security/PrivilegedActionException'> (0x000000076b3d8408) thrown at [/Users/java_re/workspace/8-2-build-macosx-x86_64/jdk8u231/13620/hotspot/src/share/vm/prims/jvm.cpp, line 1502]

Events (10 events):
Event: 0.625 Thread 0x00007fadd400c000 DEOPT PACKING pc=0x00000001125263d4 sp=0x00007000052fb5c0
Event: 0.625 Thread 0x00007fadd400c000 DEOPT UNPACKING pc=0x0000000112412784 sp=0x00007000052fb400 mode 1
Event: 0.625 Thread 0x00007fadd400c000 DEOPT PACKING pc=0x0000000112526174 sp=0x00007000052fb750
Event: 0.625 Thread 0x00007fadd400c000 DEOPT UNPACKING pc=0x0000000112412784 sp=0x00007000052fb5a8 mode 1
Event: 0.625 loading class utils/StateIterator/SingleStateIterator
Event: 0.625 loading class utils/StateIterator/SingleStateIterator done
Event: 0.625 Thread 0x00007fadd400c000 DEOPT PACKING pc=0x00000001125263d4 sp=0x00007000052f92a0
Event: 0.625 Thread 0x00007fadd400c000 DEOPT UNPACKING pc=0x0000000112412784 sp=0x00007000052f90e0 mode 1
Event: 0.625 Thread 0x00007fadd400c000 DEOPT PACKING pc=0x0000000112526174 sp=0x00007000052f9430
Event: 0.625 Thread 0x00007fadd400c000 DEOPT UNPACKING pc=0x0000000112412784 sp=0x00007000052f9288 mode 1


Dynamic libraries:
0x00007fff34ee0000 	/System/Library/Frameworks/Cocoa.framework/Versions/A/Cocoa
0x00007fff2222a000 	/System/Library/Frameworks/Security.framework/Versions/A/Security
0x00007fff330e8000 	/System/Library/Frameworks/ApplicationServices.framework/Versions/A/ApplicationServices
0x00007fff2a4ac000 	/usr/lib/libz.1.dylib
0x00007fff2a574000 	/usr/lib/libSystem.B.dylib
0x00007fff20233000 	/usr/lib/libobjc.A.dylib
0x00007fff20413000 	/System/Library/Frameworks/CoreFoundation.framework/Versions/A/CoreFoundation
0x00007fff211c2000 	/System/Library/Frameworks/Foundation.framework/Versions/C/Foundation
0x00007fff22c5b000 	/System/Library/Frameworks/AppKit.framework/Versions/C/AppKit
0x00007fff25b1f000 	/System/Library/Frameworks/CoreData.framework/Versions/A/CoreData
0x00007fff239a7000 	/System/Library/PrivateFrameworks/UIFoundation.framework/Versions/A/UIFoundation
0x00007fff2fba2000 	/System/Library/PrivateFrameworks/RemoteViewServices.framework/Versions/A/RemoteViewServices
0x00007fff289b8000 	/System/Library/PrivateFrameworks/XCTTargetBootstrap.framework/Versions/A/XCTTargetBootstrap
0x00007fff2b69e000 	/usr/lib/libspindump.dylib
0x00007fff23bf6000 	/System/Library/Frameworks/UniformTypeIdentifiers.framework/Versions/A/UniformTypeIdentifiers
0x00007fff271bc000 	/usr/lib/libapp_launch_measurement.dylib
0x00007fff271bf000 	/System/Library/PrivateFrameworks/CoreAutoLayout.framework/Versions/A/CoreAutoLayout
0x00007fff2831f000 	/System/Library/Frameworks/Metal.framework/Versions/A/Metal
0x00007fff29015000 	/usr/lib/liblangid.dylib
0x00007fff289bc000 	/System/Library/PrivateFrameworks/CoreSVG.framework/Versions/A/CoreSVG
0x00007fff24c36000 	/System/Library/PrivateFrameworks/SkyLight.framework/Versions/A/SkyLight
0x00007fff24f9c000 	/System/Library/Frameworks/CoreGraphics.framework/Versions/A/CoreGraphics
0x00007fff300c9000 	/System/Library/Frameworks/Accelerate.framework/Versions/A/Accelerate
0x00007fff2b0dc000 	/System/Library/PrivateFrameworks/IconServices.framework/Versions/A/IconServices
0x00007fff28303000 	/System/Library/Frameworks/IOSurface.framework/Versions/A/IOSurface
0x00007fff264a7000 	/usr/lib/libDiagnosticMessagesClient.dylib
0x00007fff289a4000 	/System/Library/PrivateFrameworks/DFRFoundation.framework/Versions/A/DFRFoundation
0x00007fff22582000 	/usr/lib/libicucore.A.dylib
0x00007fff2cbe1000 	/System/Library/Frameworks/AudioToolbox.framework/Versions/A/AudioToolbox
0x00007fff2be69000 	/System/Library/PrivateFrameworks/DataDetectorsCore.framework/Versions/A/DataDetectorsCore
0x00007fff24ba9000 	/usr/lib/libMobileGestalt.dylib
0x00007fff286a8000 	/System/Library/Frameworks/Carbon.framework/Versions/A/Frameworks/HIToolbox.framework/Versions/A/HIToolbox
0x00007fff26c01000 	/System/Library/Frameworks/QuartzCore.framework/Versions/A/QuartzCore
0x00007fff2fbda000 	/System/Library/Frameworks/Carbon.framework/Versions/A/Frameworks/SpeechRecognition.framework/Versions/A/SpeechRecognition
0x00007fff26f21000 	/System/Library/PrivateFrameworks/CoreUI.framework/Versions/A/CoreUI
0x00007fff21b98000 	/System/Library/Frameworks/CoreAudio.framework/Versions/A/CoreAudio
0x00007fff26592000 	/System/Library/Frameworks/DiskArbitration.framework/Versions/A/DiskArbitration
0x00007fff2ba6c000 	/System/Library/PrivateFrameworks/MultitouchSupport.framework/Versions/A/MultitouchSupport
0x00007fff2be60000 	/System/Library/PrivateFrameworks/InternationalSupport.framework/Versions/A/InternationalSupport
0x00007fff24ba8000 	/usr/lib/libenergytrace.dylib
0x00007fff22b52000 	/System/Library/Frameworks/IOKit.framework/Versions/A/IOKit
0x00007fff2ff0d000 	/System/Library/Frameworks/CoreServices.framework/Versions/A/CoreServices
0x00007fff2714e000 	/System/Library/PrivateFrameworks/PerformanceAnalysis.framework/Versions/A/PerformanceAnalysis
0x00007fff6ba7a000 	/System/Library/Frameworks/OpenGL.framework/Versions/A/OpenGL
0x00007fff2bee4000 	/System/Library/PrivateFrameworks/UserActivity.framework/Versions/A/UserActivity
0x00007fff25626000 	/System/Library/Frameworks/ColorSync.framework/Versions/A/ColorSync
0x00007fff28c23000 	/System/Library/Frameworks/CoreImage.framework/Versions/A/CoreImage
0x00007fff219b2000 	/System/Library/Frameworks/CoreText.framework/Versions/A/CoreText
0x00007fff289e6000 	/System/Library/Frameworks/ImageIO.framework/Versions/A/ImageIO
0x00007fff2a57a000 	/System/Library/PrivateFrameworks/SoftLinking.framework/Versions/A/SoftLinking
0x00007fff27207000 	/usr/lib/libxml2.2.dylib
0x00007fff202f9000 	/usr/lib/libc++.1.dylib
0x00007fff2a7eb000 	/usr/lib/libcompression.dylib
0x00007fff2bd92000 	/System/Library/PrivateFrameworks/TextureIO.framework/Versions/A/TextureIO
0x00007fff2ae1a000 	/usr/lib/libate.dylib
0x00007fff2a56e000 	/usr/lib/system/libcache.dylib
0x00007fff2a52a000 	/usr/lib/system/libcommonCrypto.dylib
0x00007fff2a554000 	/usr/lib/system/libcompiler_rt.dylib
0x00007fff2a549000 	/usr/lib/system/libcopyfile.dylib
0x00007fff20123000 	/usr/lib/system/libcorecrypto.dylib
0x00007fff201ee000 	/usr/lib/system/libdispatch.dylib
0x00007fff203a1000 	/usr/lib/system/libdyld.dylib
0x00007fff2a565000 	/usr/lib/system/libkeymgr.dylib
0x00007fff2d978000 	/usr/lib/system/liblaunch.dylib
0x00007fff2a508000 	/usr/lib/system/libmacho.dylib
0x00007fff29d00000 	/usr/lib/system/libquarantine.dylib
0x00007fff2a562000 	/usr/lib/system/libremovefile.dylib
0x00007fff24c06000 	/usr/lib/system/libsystem_asl.dylib
0x00007fff200d3000 	/usr/lib/system/libsystem_blocks.dylib
0x00007fff20270000 	/usr/lib/system/libsystem_c.dylib
0x00007fff2a55c000 	/usr/lib/system/libsystem_collections.dylib
0x00007fff29006000 	/usr/lib/system/libsystem_configuration.dylib
0x00007fff282f2000 	/usr/lib/system/libsystem_containermanager.dylib
0x00007fff2a2ab000 	/usr/lib/system/libsystem_coreservices.dylib
0x00007fff227e2000 	/usr/lib/system/libsystem_darwin.dylib
0x00007fff2a566000 	/usr/lib/system/libsystem_dnssd.dylib
0x00007fff2026d000 	/usr/lib/system/libsystem_featureflags.dylib
0x00007fff203e7000 	/usr/lib/system/libsystem_info.dylib
0x00007fff2a4bf000 	/usr/lib/system/libsystem_m.dylib
0x00007fff201c1000 	/usr/lib/system/libsystem_malloc.dylib
0x00007fff24b99000 	/usr/lib/system/libsystem_networkextension.dylib
0x00007fff22c01000 	/usr/lib/system/libsystem_notify.dylib
0x00007fff2fe0f000 	/usr/lib/system/libsystem_product_info_filter.dylib
0x00007fff2900a000 	/usr/lib/system/libsystem_sandbox.dylib
0x00007fff2a55f000 	/usr/lib/system/libsystem_secinit.dylib
0x00007fff20365000 	/usr/lib/system/libsystem_kernel.dylib
0x00007fff203dd000 	/usr/lib/system/libsystem_platform.dylib
0x00007fff20395000 	/usr/lib/system/libsystem_pthread.dylib
0x00007fff262e3000 	/usr/lib/system/libsystem_symptoms.dylib
0x00007fff2010b000 	/usr/lib/system/libsystem_trace.dylib
0x00007fff2a536000 	/usr/lib/system/libunwind.dylib
0x00007fff200d5000 	/usr/lib/system/libxpc.dylib
0x00007fff2034f000 	/usr/lib/libc++abi.dylib
0x00007fff2a541000 	/usr/lib/liboah.dylib
0x00007fff2abff000 	/usr/lib/liblzma.5.dylib
0x00007fff20ed6000 	/System/Library/Frameworks/SystemConfiguration.framework/Versions/A/SystemConfiguration
0x00007fff2a576000 	/usr/lib/libfakelink.dylib
0x00007fff246fa000 	/System/Library/Frameworks/CFNetwork.framework/Versions/A/CFNetwork
0x00007fff2a6b6000 	/usr/lib/libarchive.2.dylib
0x00007fff20f54000 	/usr/lib/libCRFSuite.dylib
0x00007fff29d27000 	/usr/lib/libbsm.0.dylib
0x00007fff24073000 	/usr/lib/libnetwork.dylib
0x00007fff2a57b000 	/usr/lib/libpcap.A.dylib
0x00007fff262dc000 	/usr/lib/libdns_services.dylib
0x00007fff2ac18000 	/usr/lib/libcoretls_cfhelpers.dylib
0x00007fff2a7b5000 	/usr/lib/libapple_nghttp2.dylib
0x00007fff2a50e000 	/usr/lib/system/libkxld.dylib
0x00007fff25f55000 	/usr/lib/libsqlite3.dylib
0x00007fff2a28e000 	/System/Library/PrivateFrameworks/AppleFSCompression.framework/Versions/A/AppleFSCompression
0x00007fff29d0f000 	/usr/lib/libcoretls.dylib
0x00007fff2a7e6000 	/usr/lib/libpam.2.dylib
0x00007fff2ad16000 	/usr/lib/libxar.1.dylib
0x00007fff29011000 	/System/Library/PrivateFrameworks/AppleSystemInfo.framework/Versions/A/AppleSystemInfo
0x00007fff29951000 	/System/Library/PrivateFrameworks/IOMobileFramebuffer.framework/Versions/A/IOMobileFramebuffer
0x00007fff2a29e000 	/usr/lib/libbz2.1.0.dylib
0x00007fff2a5b3000 	/usr/lib/libiconv.2.dylib
0x00007fff2a507000 	/usr/lib/libcharset.1.dylib
0x00007fff2718a000 	/System/Library/Frameworks/CoreServices.framework/Versions/A/Frameworks/FSEvents.framework/Versions/A/FSEvents
0x00007fff227ec000 	/System/Library/Frameworks/CoreServices.framework/Versions/A/Frameworks/CarbonCore.framework/Versions/A/CarbonCore
0x00007fff264f7000 	/System/Library/Frameworks/CoreServices.framework/Versions/A/Frameworks/Metadata.framework/Versions/A/Metadata
0x00007fff2a2b0000 	/System/Library/Frameworks/CoreServices.framework/Versions/A/Frameworks/OSServices.framework/Versions/A/OSServices
0x00007fff2a728000 	/System/Library/Frameworks/CoreServices.framework/Versions/A/Frameworks/SearchKit.framework/Versions/A/SearchKit
0x00007fff26267000 	/System/Library/Frameworks/CoreServices.framework/Versions/A/Frameworks/AE.framework/Versions/A/AE
0x00007fff208b1000 	/System/Library/Frameworks/CoreServices.framework/Versions/A/Frameworks/LaunchServices.framework/Versions/A/LaunchServices
0x00007fff2abaf000 	/System/Library/Frameworks/CoreServices.framework/Versions/A/Frameworks/DictionaryServices.framework/Versions/A/DictionaryServices
0x00007fff27197000 	/System/Library/Frameworks/CoreServices.framework/Versions/A/Frameworks/SharedFileList.framework/Versions/A/SharedFileList
0x00007fff29d03000 	/usr/lib/libCheckFix.dylib
0x00007fff24c1d000 	/System/Library/PrivateFrameworks/TCC.framework/Versions/A/TCC
0x00007fff29017000 	/System/Library/PrivateFrameworks/CoreNLP.framework/Versions/A/CoreNLP
0x00007fff264aa000 	/System/Library/PrivateFrameworks/MetadataUtilities.framework/Versions/A/MetadataUtilities
0x00007fff20f89000 	/usr/lib/libmecabra.dylib
0x00007fff2a00d000 	/System/Library/Frameworks/MLCompute.framework/Versions/A/MLCompute
0x00007fff29d38000 	/usr/lib/libmecab.dylib
0x00007fff29d82000 	/usr/lib/libgermantok.dylib
0x00007fff2a790000 	/usr/lib/libThaiTokenizer.dylib
0x00007fff2ad51000 	/usr/lib/libChineseTokenizer.dylib
0x00007fff2a7e4000 	/System/Library/Frameworks/MetalPerformanceShaders.framework/Versions/A/MetalPerformanceShaders
0x00007fff26599000 	/System/Library/Frameworks/Accelerate.framework/Versions/A/Frameworks/vImage.framework/Versions/A/vImage
0x00007fff2fee7000 	/System/Library/Frameworks/Accelerate.framework/Versions/A/Frameworks/vecLib.framework/Versions/A/vecLib
0x00007fff2ad5c000 	/System/Library/Frameworks/Accelerate.framework/Versions/A/Frameworks/vecLib.framework/Versions/A/libvMisc.dylib
0x00007fff2976c000 	/System/Library/Frameworks/Accelerate.framework/Versions/A/Frameworks/vecLib.framework/Versions/A/libvDSP.dylib
0x00007fff20bbc000 	/System/Library/Frameworks/Accelerate.framework/Versions/A/Frameworks/vecLib.framework/Versions/A/libBLAS.dylib
0x00007fff2a811000 	/System/Library/Frameworks/Accelerate.framework/Versions/A/Frameworks/vecLib.framework/Versions/A/libLAPACK.dylib
0x00007fff29d88000 	/System/Library/Frameworks/Accelerate.framework/Versions/A/Frameworks/vecLib.framework/Versions/A/libLinearAlgebra.dylib
0x00007fff2a7cd000 	/System/Library/Frameworks/Accelerate.framework/Versions/A/Frameworks/vecLib.framework/Versions/A/libSparseBLAS.dylib
0x00007fff2a80b000 	/System/Library/Frameworks/Accelerate.framework/Versions/A/Frameworks/vecLib.framework/Versions/A/libQuadrature.dylib
0x00007fff290c3000 	/System/Library/Frameworks/Accelerate.framework/Versions/A/Frameworks/vecLib.framework/Versions/A/libBNNS.dylib
0x00007fff20e67000 	/System/Library/Frameworks/Accelerate.framework/Versions/A/Frameworks/vecLib.framework/Versions/A/libSparse.dylib
0x00007fff28f9f000 	/System/Library/Frameworks/MetalPerformanceShaders.framework/Versions/A/Frameworks/MPSCore.framework/Versions/A/MPSCore
0x00007fff2a1fd000 	/System/Library/Frameworks/MetalPerformanceShaders.framework/Versions/A/Frameworks/MPSImage.framework/Versions/A/MPSImage
0x00007fff29d9e000 	/System/Library/Frameworks/MetalPerformanceShaders.framework/Versions/A/Frameworks/MPSNeuralNetwork.framework/Versions/A/MPSNeuralNetwork
0x00007fff2a16f000 	/System/Library/Frameworks/MetalPerformanceShaders.framework/Versions/A/Frameworks/MPSMatrix.framework/Versions/A/MPSMatrix
0x00007fff29fbd000 	/System/Library/Frameworks/MetalPerformanceShaders.framework/Versions/A/Frameworks/MPSRayIntersector.framework/Versions/A/MPSRayIntersector
0x00007fff2a1a6000 	/System/Library/Frameworks/MetalPerformanceShaders.framework/Versions/A/Frameworks/MPSNDArray.framework/Versions/A/MPSNDArray
0x00007fff20ae7000 	/System/Library/PrivateFrameworks/MetalTools.framework/Versions/A/MetalTools
0x00007fff2900f000 	/System/Library/PrivateFrameworks/AggregateDictionary.framework/Versions/A/AggregateDictionary
0x00007fff26477000 	/System/Library/PrivateFrameworks/CoreAnalytics.framework/Versions/A/CoreAnalytics
0x00007fff2a792000 	/System/Library/PrivateFrameworks/AppleSauce.framework/Versions/A/AppleSauce
0x00007fff28315000 	/System/Library/PrivateFrameworks/IOAccelerator.framework/Versions/A/IOAccelerator
0x00007fff6ba6e000 	/System/Library/Frameworks/OpenGL.framework/Versions/A/Libraries/libCoreFSCache.dylib
0x00007fff21521000 	/System/Library/PrivateFrameworks/LanguageModeling.framework/Versions/A/LanguageModeling
0x00007fff2993f000 	/System/Library/PrivateFrameworks/CoreEmoji.framework/Versions/A/CoreEmoji
0x00007fff290bc000 	/System/Library/PrivateFrameworks/LinguisticData.framework/Versions/A/LinguisticData
0x00007fff20e19000 	/System/Library/PrivateFrameworks/Lexicon.framework/Versions/A/Lexicon
0x00007fff2a6a4000 	/usr/lib/libcmph.dylib
0x00007fff2716a000 	/System/Library/Frameworks/OpenDirectory.framework/Versions/A/Frameworks/CFOpenDirectory.framework/Versions/A/CFOpenDirectory
0x00007fff2715a000 	/System/Library/Frameworks/OpenDirectory.framework/Versions/A/OpenDirectory
0x00007fff2ac1a000 	/System/Library/PrivateFrameworks/APFS.framework/Versions/A/APFS
0x00007fff29c65000 	/System/Library/Frameworks/SecurityFoundation.framework/Versions/A/SecurityFoundation
0x00007fff2ad24000 	/usr/lib/libutil.dylib
0x00007fff22b17000 	/System/Library/PrivateFrameworks/CoreServicesStore.framework/Versions/A/CoreServicesStore
0x00007fff29cfb000 	/System/Library/Frameworks/ServiceManagement.framework/Versions/A/ServiceManagement
0x00007fff2ad28000 	/usr/lib/libxslt.1.dylib
0x00007fff29cf1000 	/System/Library/PrivateFrameworks/BackgroundTaskManagement.framework/Versions/A/BackgroundTaskManagement
0x00007fff2bcdc000 	/System/Library/Frameworks/ImageIO.framework/Versions/A/Resources/libRadiance.dylib
0x00007fff2bce6000 	/System/Library/Frameworks/ImageIO.framework/Versions/A/Resources/libJPEG.dylib
0x00007fff2bc36000 	/System/Library/Frameworks/ImageIO.framework/Versions/A/Resources/libPng.dylib
0x00007fff2bc57000 	/System/Library/Frameworks/ImageIO.framework/Versions/A/Resources/libTIFF.dylib
0x00007fff2bd3b000 	/System/Library/Frameworks/ImageIO.framework/Versions/A/Resources/libGIF.dylib
0x00007fff2b988000 	/System/Library/Frameworks/ImageIO.framework/Versions/A/Resources/libJP2.dylib
0x00007fff2b0a3000 	/usr/lib/libexpat.1.dylib
0x00007fff2b93e000 	/System/Library/PrivateFrameworks/AppleJPEG.framework/Versions/A/AppleJPEG
0x00007fff2854b000 	/System/Library/PrivateFrameworks/FontServices.framework/libFontParser.dylib
0x00007fff2621e000 	/System/Library/PrivateFrameworks/RunningBoardServices.framework/Versions/A/RunningBoardServices
0x00007fff2ba68000 	/System/Library/PrivateFrameworks/WatchdogClient.framework/Versions/A/WatchdogClient
0x00007fff2160a000 	/System/Library/Frameworks/CoreDisplay.framework/Versions/A/CoreDisplay
0x00007fff28460000 	/System/Library/Frameworks/CoreMedia.framework/Versions/A/CoreMedia
0x00007fff272ea000 	/System/Library/Frameworks/CoreVideo.framework/Versions/A/CoreVideo
0x00007fff2baa3000 	/System/Library/Frameworks/VideoToolbox.framework/Versions/A/VideoToolbox
0x00007fff2619e000 	/System/Library/PrivateFrameworks/BaseBoard.framework/Versions/A/BaseBoard
0x00007fff2b1e8000 	/System/Library/PrivateFrameworks/PersistentConnection.framework/Versions/A/PersistentConnection
0x00007fff25f3f000 	/System/Library/PrivateFrameworks/ProtocolBuffer.framework/Versions/A/ProtocolBuffer
0x00007fff26186000 	/System/Library/PrivateFrameworks/CommonUtilities.framework/Versions/A/CommonUtilities
0x00007fff2b901000 	/System/Library/PrivateFrameworks/Bom.framework/Versions/A/Bom
0x00007fff2bcd4000 	/System/Library/PrivateFrameworks/GPUWrangler.framework/Versions/A/GPUWrangler
0x00007fff2bcb7000 	/System/Library/PrivateFrameworks/IOPresentment.framework/Versions/A/IOPresentment
0x00007fff2bce0000 	/System/Library/PrivateFrameworks/DSExternalDisplay.framework/Versions/A/DSExternalDisplay
0x00007fff2bd40000 	/System/Library/PrivateFrameworks/CMCaptureCore.framework/Versions/A/CMCaptureCore
0x00007fff2b684000 	/System/Library/PrivateFrameworks/AppServerSupport.framework/Versions/A/AppServerSupport
0x00007fff2d71b000 	/System/Library/PrivateFrameworks/perfdata.framework/Versions/A/perfdata
0x00007fff29c54000 	/System/Library/PrivateFrameworks/AssertionServices.framework/Versions/A/AssertionServices
0x00007fff21741000 	/System/Library/PrivateFrameworks/AudioToolboxCore.framework/Versions/A/AudioToolboxCore
0x00007fff28443000 	/System/Library/PrivateFrameworks/caulk.framework/Versions/A/caulk
0x00007fff3cbc7000 	/System/Library/PrivateFrameworks/SystemPolicy.framework/Versions/A/SystemPolicy
0x00007fff2aeb2000 	/usr/lib/libIOReport.dylib
0x00007fff2cf57000 	/usr/lib/libSMC.dylib
0x00007fff2bc02000 	/usr/lib/libAudioToolboxUtility.dylib
0x00007fff3d524000 	/usr/lib/libmis.dylib
0x00007fff6baca000 	/System/Library/Frameworks/OpenGL.framework/Versions/A/Libraries/libGLU.dylib
0x00007fff6ba8d000 	/System/Library/Frameworks/OpenGL.framework/Versions/A/Libraries/libGFXShared.dylib
0x00007fff6bc9b000 	/System/Library/Frameworks/OpenGL.framework/Versions/A/Libraries/libGL.dylib
0x00007fff6ba96000 	/System/Library/Frameworks/OpenGL.framework/Versions/A/Libraries/libGLImage.dylib
0x00007fff6ba8a000 	/System/Library/Frameworks/OpenGL.framework/Versions/A/Libraries/libCVMSPluginSupport.dylib
0x00007fff6ba75000 	/System/Library/Frameworks/OpenGL.framework/Versions/A/Libraries/libCoreVMClient.dylib
0x00007fff6d0e5000 	/System/Library/Frameworks/OpenCL.framework/Versions/A/OpenCL
0x00007fff2b211000 	/System/Library/PrivateFrameworks/GraphVisualizer.framework/Versions/A/GraphVisualizer
0x00007fff2b220000 	/System/Library/PrivateFrameworks/FaceCore.framework/Versions/A/FaceCore
0x00007fff2b63c000 	/System/Library/PrivateFrameworks/OTSVG.framework/Versions/A/OTSVG
0x00007fff26edf000 	/System/Library/Frameworks/ApplicationServices.framework/Versions/A/Frameworks/ATS.framework/Versions/A/Resources/libFontRegistry.dylib
0x00007fff2b68b000 	/System/Library/PrivateFrameworks/FontServices.framework/libhvf.dylib
0x00007fff2b04f000 	/System/Library/PrivateFrameworks/AppleVA.framework/Versions/A/AppleVA
0x00007fff2cd9f000 	/System/Library/Frameworks/ApplicationServices.framework/Versions/A/Frameworks/ATS.framework/Versions/A/ATS
0x00007fff2d0b2000 	/System/Library/Frameworks/ApplicationServices.framework/Versions/A/Frameworks/ColorSyncLegacy.framework/Versions/A/ColorSyncLegacy
0x00007fff2571d000 	/System/Library/Frameworks/ApplicationServices.framework/Versions/A/Frameworks/HIServices.framework/Versions/A/HIServices
0x00007fff2d097000 	/System/Library/Frameworks/ApplicationServices.framework/Versions/A/Frameworks/LangAnalysis.framework/Versions/A/LangAnalysis
0x00007fff2bd4a000 	/System/Library/Frameworks/ApplicationServices.framework/Versions/A/Frameworks/PrintCore.framework/Versions/A/PrintCore
0x00007fff2d0ba000 	/System/Library/Frameworks/ApplicationServices.framework/Versions/A/Frameworks/QD.framework/Versions/A/QD
0x00007fff2cd8f000 	/System/Library/Frameworks/ApplicationServices.framework/Versions/A/Frameworks/SpeechSynthesis.framework/Versions/A/SpeechSynthesis
0x00007fff2bd0b000 	/System/Library/Frameworks/ApplicationServices.framework/Versions/A/Frameworks/ATSUI.framework/Versions/A/ATSUI
0x00007fff2d037000 	/usr/lib/libcups.2.dylib
0x00007fff2d0a7000 	/System/Library/PrivateFrameworks/NetAuth.framework/Versions/A/NetAuth
0x00007fff2d736000 	/System/Library/Frameworks/Kerberos.framework/Versions/A/Kerberos
0x00007fff2d746000 	/System/Library/Frameworks/GSS.framework/Versions/A/GSS
0x00007fff2ce0c000 	/usr/lib/libresolv.9.dylib
0x00007fff2b6a1000 	/System/Library/PrivateFrameworks/Heimdal.framework/Versions/A/Heimdal
0x00007fff333fd000 	/System/Library/Frameworks/Kerberos.framework/Versions/A/Libraries/libHeimdalProxy.dylib
0x00007fff262eb000 	/System/Library/Frameworks/Network.framework/Versions/A/Network
0x00007fff2b0bd000 	/usr/lib/libheimdal-asn1.dylib
0x00007fff2d797000 	/System/Library/PrivateFrameworks/CommonAuth.framework/Versions/A/CommonAuth
0x00007fff27338000 	/System/Library/PrivateFrameworks/login.framework/Versions/A/Frameworks/loginsupport.framework/Versions/A/loginsupport
0x00007fff2cd16000 	/System/Library/PrivateFrameworks/AudioSession.framework/Versions/A/AudioSession
0x00007fff2cd7c000 	/usr/lib/libAudioStatistics.dylib
0x00007fff2b149000 	/System/Library/PrivateFrameworks/MediaExperience.framework/Versions/A/MediaExperience
0x00007fff2cbaf000 	/System/Library/PrivateFrameworks/AudioSession.framework/libSessionUtility.dylib
0x00007fff2d727000 	/usr/lib/libperfcheck.dylib
0x00007fff2d0c6000 	/System/Library/PrivateFrameworks/AudioResourceArbitration.framework/Versions/A/AudioResourceArbitration
0x00007fff2b0c7000 	/System/Library/PrivateFrameworks/IconFoundation.framework/Versions/A/IconFoundation
0x00007fff2fbca000 	/System/Library/PrivateFrameworks/SpeechRecognitionCore.framework/Versions/A/SpeechRecognitionCore
0x00007fff5cea9000 	/System/Library/CoreServices/Encodings/libSimplifiedChineseConverter.dylib
0x000000010a000000 	/Library/Java/JavaVirtualMachines/jdk1.8.0_231.jdk/Contents/Home/jre/lib/server/libjvm.dylib
0x00007fff78033000 	/usr/lib/libstdc++.6.dylib
0x0000000105d4f000 	/Library/Java/JavaVirtualMachines/jdk1.8.0_231.jdk/Contents/Home/jre/lib/libverify.dylib
0x0000000105d5d000 	/Library/Java/JavaVirtualMachines/jdk1.8.0_231.jdk/Contents/Home/jre/lib/libjava.dylib
0x0000000105d94000 	/Library/Java/JavaVirtualMachines/jdk1.8.0_231.jdk/Contents/Home/jre/lib/libjdwp.dylib
0x0000000105ddf000 	/Library/Java/JavaVirtualMachines/jdk1.8.0_231.jdk/Contents/Home/jre/lib/libnpt.dylib
0x0000000105de3000 	/Library/Java/JavaVirtualMachines/jdk1.8.0_231.jdk/Contents/Home/jre/lib/libinstrument.dylib
0x0000000105e4f000 	/Library/Java/JavaVirtualMachines/jdk1.8.0_231.jdk/Contents/Home/jre/lib/libzip.dylib
0x0000000105eb9000 	/Library/Java/JavaVirtualMachines/jdk1.8.0_231.jdk/Contents/Home/jre/lib/libdt_socket.dylib
0x000000010f290000 	/Library/Java/JavaVirtualMachines/jdk1.8.0_231.jdk/Contents/Home/jre/lib/libnio.dylib
0x000000010f2a0000 	/Library/Java/JavaVirtualMachines/jdk1.8.0_231.jdk/Contents/Home/jre/lib/libnet.dylib
0x000000010f2b7000 	/private/var/folders/vl/5vfc8hd56ql5jbk5lbzvssd00000gn/T/librocksdbjni1755748310318005353.jnilib

VM Arguments:
jvm_args: -agentlib:jdwp=transport=dt_socket,address=127.0.0.1:53323,suspend=y,server=n -javaagent:/Users/curryzjj/Library/Caches/JetBrains/IdeaIC2021.2/captureAgent/debugger-agent.jar -Dfile.encoding=UTF-8 
java_command: RocksDBTest
java_class_path (initial): /Library/Java/JavaVirtualMachines/jdk1.8.0_231.jdk/Contents/Home/jre/lib/charsets.jar:/Library/Java/JavaVirtualMachines/jdk1.8.0_231.jdk/Contents/Home/jre/lib/deploy.jar:/Library/Java/JavaVirtualMachines/jdk1.8.0_231.jdk/Contents/Home/jre/lib/ext/cldrdata.jar:/Library/Java/JavaVirtualMachines/jdk1.8.0_231.jdk/Contents/Home/jre/lib/ext/dnsns.jar:/Library/Java/JavaVirtualMachines/jdk1.8.0_231.jdk/Contents/Home/jre/lib/ext/jaccess.jar:/Library/Java/JavaVirtualMachines/jdk1.8.0_231.jdk/Contents/Home/jre/lib/ext/jfxrt.jar:/Library/Java/JavaVirtualMachines/jdk1.8.0_231.jdk/Contents/Home/jre/lib/ext/localedata.jar:/Library/Java/JavaVirtualMachines/jdk1.8.0_231.jdk/Contents/Home/jre/lib/ext/nashorn.jar:/Library/Java/JavaVirtualMachines/jdk1.8.0_231.jdk/Contents/Home/jre/lib/ext/sunec.jar:/Library/Java/JavaVirtualMachines/jdk1.8.0_231.jdk/Contents/Home/jre/lib/ext/sunjce_provider.jar:/Library/Java/JavaVirtualMachines/jdk1.8.0_231.jdk/Contents/Home/jre/lib/ext/sunpkcs11.jar:/Library/Java/JavaVirtualMachines/jdk1.8.0_231.jdk/Contents/Home/jre/lib/ext/zipfs.jar:/Library/Java/JavaVirtualMachines/jdk1.8.0_231.jdk/Contents/Home/jre/lib/javaws.jar:/Library/Java/JavaVirtualMachines/jdk1.8.0_231.jdk/Contents/Home/jre/lib/jce.jar:/Library/Java/JavaVirtualMachines/jdk1.8.0_231.jdk/Contents/Home/jre/lib/jfr.jar:/Library/Java/JavaVirtualMachines/jdk1.8.0_231.jdk/Contents/Home/jre/lib/jfxswt.jar:/Library/Java/JavaVirtualMachines/jdk1.8.0_231.jdk/Contents/Home/jre/lib/jsse.jar:/Library/Java/JavaVirtualMachines/jdk1.8.0_231.jdk/Contents/Home/jre/lib/management-agent.jar:/Library/Java/JavaVirtualMachines/jdk1.8.0_231.jdk/Contents/Home/jre/lib/plugin.jar:/Library/Java/JavaVirtualMachines/jdk1.8.0_231.jdk/Contents/Home/jre/lib/resources.jar:/Library/Java/JavaVirtualMachines/jdk1.8.0_231.jdk/Contents/Home/jre/lib/rt.jar:/Library/Java/JavaVirtualMachines/jdk1.8.0_231.jdk/Contents/Home/lib/ant-javafx.jar:/Library/Java/JavaVirtualMachines/jdk1.8.0_231.jdk/Contents/Home
Launcher Type: SUN_STANDARD

Environment Variables:
JAVA_HOME=/Library/Java/JavaVirtualMachines/jdk1.8.0_231.jdk/Contents/Home
CLASSPATH=/Library/Java/JavaVirtualMachines/jdk1.8.0_231.jdk/Contents/Home/lib/tools.jar:/Library/Java/JavaVirtualMachines/jdk1.8.0_231.jdk/Contents/Home/lib/dt.jar:.
PATH=/Library/Java/JavaVirtualMachines/jdk1.8.0_231.jdk/Contents/Home/bin:/usr/local/bin:/usr/bin:/bin:/usr/sbin:/sbin:/Applications/VMware Fusion.app/Contents/Public:/usr/local/apache-maven-3.8.1/bin:.
SHELL=/bin/bash

Signal Handlers:
SIGSEGV: [libjvm.dylib+0x5b7e2b], sa_mask[0]=11111111011111110111111111111111, sa_flags=SA_ONSTACK|SA_RESTART|SA_SIGINFO
SIGBUS: [libjvm.dylib+0x5b7e2b], sa_mask[0]=11111111011111110111111111111111, sa_flags=SA_RESTART|SA_SIGINFO
SIGFPE: [libjvm.dylib+0x48c6ec], sa_mask[0]=11111111011111110111111111111111, sa_flags=SA_RESTART|SA_SIGINFO
SIGPIPE: [libjvm.dylib+0x48c6ec], sa_mask[0]=11111111011111110111111111111111, sa_flags=SA_RESTART|SA_SIGINFO
SIGXFSZ: [libjvm.dylib+0x48c6ec], sa_mask[0]=11111111011111110111111111111111, sa_flags=SA_RESTART|SA_SIGINFO
SIGILL: [libjvm.dylib+0x48c6ec], sa_mask[0]=11111111011111110111111111111111, sa_flags=SA_RESTART|SA_SIGINFO
SIGUSR1: SIG_DFL, sa_mask[0]=00000000000000000000000000000000, sa_flags=none
SIGUSR2: [libjvm.dylib+0x48c20a], sa_mask[0]=00100000000000000000000000000000, sa_flags=SA_RESTART|SA_SIGINFO
SIGHUP: [libjvm.dylib+0x48a795], sa_mask[0]=11111111011111110111111111111111, sa_flags=SA_RESTART|SA_SIGINFO
SIGINT: [libjvm.dylib+0x48a795], sa_mask[0]=11111111011111110111111111111111, sa_flags=SA_RESTART|SA_SIGINFO
SIGTERM: [libjvm.dylib+0x48a795], sa_mask[0]=11111111011111110111111111111111, sa_flags=SA_RESTART|SA_SIGINFO
SIGQUIT: [libjvm.dylib+0x48a795], sa_mask[0]=11111111011111110111111111111111, sa_flags=SA_RESTART|SA_SIGINFO


---------------  S Y S T E M  ---------------

OS:Bsduname:Darwin 20.6.0 Darwin Kernel Version 20.6.0: Mon Aug 30 06:12:21 PDT 2021; root:xnu-7195.141.6~3/RELEASE_X86_64 x86_64
rlimit: STACK 8192k, CORE 0k, NPROC 2784, NOFILE 10240, AS infinity
load average:7.03 4.61 3.96

CPU:total 8 (initial active 8) (4 cores per cpu, 2 threads per core) family 6 model 142 stepping 10, cmov, cx8, fxsr, mmx, sse, sse2, sse3, ssse3, sse4.1, sse4.2, popcnt, avx, avx2, aes, clmul, erms, 3dnowpref, lzcnt, ht, tsc, tscinvbit, bmi1, bmi2, adx

Memory: 4k page, physical 16777216k(507508k free)

/proc/meminfo:


vm_info: Java HotSpot(TM) 64-Bit Server VM (25.231-b11) for bsd-amd64 JRE (1.8.0_231-b11), built on Oct  5 2019 03:15:25 by "java_re" with gcc 4.2.1 (Based on Apple Inc. build 5658) (LLVM build 2336.11.00)

time: Wed Nov 17 10:50:38 2021
timezone: CST
elapsed time: 0 seconds (0d 0h 0m 0s)

