#
# A fatal error has been detected by the Java Runtime Environment:
#
#  SIGSEGV (0xb) at pc=0x000000012412be44, pid=97076, tid=0x0000000000000b03
#
# JRE version: Java(TM) SE Runtime Environment (8.0_231-b11) (build 1.8.0_231-b11)
# Java VM: Java HotSpot(TM) 64-Bit Server VM (25.231-b11 mixed mode bsd-amd64 compressed oops)
# Problematic frame:
# C  [librocksdbjni3576176130464932446.jnilib+0x272e44]  _ZN7rocksdb15SkipListFactory17CreateMemTableRepERKNS_11MemTableRep13KeyComparatorEPNS_9AllocatorEPKNS_14SliceTransformEPNS_6LoggerE+0x1784
#
# Failed to write core dump. Core dumps have been disabled. To enable core dumping, try "ulimit -c unlimited" before starting Java again
#
# If you would like to submit a bug report, please visit:
#   http://bugreport.java.com/bugreport/crash.jsp
# The crash happened outside the Java Virtual Machine in native code.
# See problematic frame for where to report the bug.
#

---------------  T H R E A D  ---------------

Current thread (0x00007fa58900e800):  JavaThread "main" [_thread_in_native, id=2819, stack(0x000070000c71e000,0x000070000c81e000)]

siginfo: si_signo: 11 (SIGSEGV), si_code: 1 (SEGV_MAPERR), si_addr: 0x0000000000000000

Registers:
RAX=0x0000000000000000, RBX=0x00007fa589909c00, RCX=0x0000000000000000, RDX=0x00007fa5898fa000
RSP=0x000070000c81d7c8, RBP=0x000070000c81d7e0, RSI=0x00007fa5898fa0c8, RDI=0x00007fa589909cd0
R8 =0x0000000000000be3, R9 =0x0000000000000001, R10=0x000000010a820a5c, R11=0x0000000103a7e6e3
R12=0x0000000000000001, R13=0x0000000000000000, R14=0x00007fa5898fa0c8, R15=0x0000000000000000
RIP=0x000000012412be44, EFLAGS=0x0000000000010202, ERR=0x0000000000000004
  TRAPNO=0x000000000000000e

Top of Stack: (sp=0x000070000c81d7c8)
0x000070000c81d7c8:   000000012404f570 0000000124512228
0x000070000c81d7d8:   00007fa589909c00 000070000c81d810
0x000070000c81d7e8:   000000012404f5a6 0000000124512228
0x000070000c81d7f8:   00007fa5898fa040 00007fa588e46fa8
0x000070000c81d808:   0000000000000000 000070000c81d860
0x000070000c81d818:   0000000124008d0a 00007fa58900e800
0x000070000c81d828:   0000000121d598c0 0000000121d598c0
0x000070000c81d838:   0000000121d598c0 0000000000000000
0x000070000c81d848:   0000000121d598c0 000070000c81d900
0x000070000c81d858:   00007fa58900e800 000070000c81d8d0
0x000070000c81d868:   000000010a820a88 000070000c81d8d0
0x000070000c81d878:   000000010a8204f9 0000000121d5b4a0
0x000070000c81d888:   000000010a8204c2 000070000c81d890
0x000070000c81d898:   0000000121d598c0 000070000c81d900
0x000070000c81d8a8:   0000000121d5c300 0000000000000000
0x000070000c81d8b8:   0000000121d598c0 0000000000000000
0x000070000c81d8c8:   000070000c81d8f0 000070000c81d948
0x000070000c81d8d8:   000000010a80835d 0000000000000000
0x000070000c81d8e8:   000000010a816d38 00007fa5898fa000
0x000070000c81d8f8:   000000076b7c2480 000000076b7c2480
0x000070000c81d908:   000070000c81d908 0000000121d5b492
0x000070000c81d918:   000070000c81d958 0000000121d5bfd0
0x000070000c81d928:   0000000000000000 0000000121d5b4a0
0x000070000c81d938:   000070000c81d8f0 000070000c81d958
0x000070000c81d948:   000070000c81d9a0 000000010a80835d
0x000070000c81d958:   000000076b7c2480 000070000c81d960
0x000070000c81d968:   0000000121c13746 000070000c81da08
0x000070000c81d978:   0000000121c138a8 0000000000000000
0x000070000c81d988:   0000000121c13808 000070000c81d958
0x000070000c81d998:   000070000c81da08 000070000c81da70
0x000070000c81d9a8:   000000010a8007a7 000000076b7ab3a8
0x000070000c81d9b8:   0000000000000009 000000076b7c2480 

Instructions: (pc=0x000000012412be44)
0x000000012412be24:   00 0f 95 c0 c3 0f 1f 80 00 00 00 00 48 8b 47 10
0x000000012412be34:   48 83 c0 08 c3 0f 1f 80 00 00 00 00 48 8b 47 10
0x000000012412be44:   48 8b 00 48 89 47 10 c3 0f 1f 40 00 48 8d 05 09
0x000000012412be54:   b7 3e 00 48 89 07 f6 47 18 01 75 01 c3 48 8b 7f 

Register to memory mapping:

RAX=0x0000000000000000 is an unknown value
RBX=0x00007fa589909c00 is an unknown value
RCX=0x0000000000000000 is an unknown value
RDX=0x00007fa5898fa000 is an unknown value
RSP=0x000070000c81d7c8 is pointing into the stack for thread: 0x00007fa58900e800
RBP=0x000070000c81d7e0 is pointing into the stack for thread: 0x00007fa58900e800
RSI=0x00007fa5898fa0c8 is an unknown value
RDI=0x00007fa589909cd0 is an unknown value
R8 =0x0000000000000be3 is an unknown value
R9 =0x0000000000000001 is an unknown value
R10=0x000000010a820a5c is at code_begin+1596 in an Interpreter codelet
method entry point (kind = native)  [0x000000010a820420, 0x000000010a8213e0]  4032 bytes
R11=0x0000000103a7e6e3: throw_unsatisfied_link_error+0 in /Library/Java/JavaVirtualMachines/jdk1.8.0_231.jdk/Contents/Home/jre/lib/server/libjvm.dylib at 0x0000000103595000
R12=0x0000000000000001 is an unknown value
R13=0x0000000000000000 is an unknown value
R14=0x00007fa5898fa0c8 is an unknown value
R15=0x0000000000000000 is an unknown value


Stack: [0x000070000c71e000,0x000070000c81e000],  sp=0x000070000c81d7c8,  free space=1021k
Native frames: (J=compiled Java code, j=interpreted, Vv=VM code, C=native code)
C  [librocksdbjni3576176130464932446.jnilib+0x272e44]  _ZN7rocksdb15SkipListFactory17CreateMemTableRepERKNS_11MemTableRep13KeyComparatorEPNS_9AllocatorEPKNS_14SliceTransformEPNS_6LoggerE+0x1784
C  [librocksdbjni3576176130464932446.jnilib+0x1965a6]  _ZN7rocksdb8MemTable30GetMinLogContainingPrepSectionEv+0x1186
C  [librocksdbjni3576176130464932446.jnilib+0x14fd0a]  _ZN7rocksdb6DBIter4NextEv+0x13a
j  org.rocksdb.RocksIterator.next0(J)V+0
j  org.rocksdb.AbstractRocksIterator.next()V+26
j  RocksDBTest.main([Ljava/lang/String;)V+190
v  ~StubRoutines::call_stub
V  [libjvm.dylib+0x2f0792]
V  [libjvm.dylib+0x327739]
V  [libjvm.dylib+0x3204c5]
C  [java+0x38c6]  JavaMain+0x9c4
C  [libsystem_pthread.dylib+0x68fc]  _pthread_start+0xe0
C  [libsystem_pthread.dylib+0x2443]  thread_start+0xf
C  0x0000000000000000

Java frames: (J=compiled Java code, j=interpreted, Vv=VM code)
j  org.rocksdb.RocksIterator.next0(J)V+0
j  org.rocksdb.AbstractRocksIterator.next()V+26
j  RocksDBTest.main([Ljava/lang/String;)V+190
v  ~StubRoutines::call_stub

---------------  P R O C E S S  ---------------

Java Threads: ( => current thread )
  0x00007fa5890df000 JavaThread "Service Thread" daemon [_thread_blocked, id=43011, stack(0x000070000dc60000,0x000070000dd60000)]
  0x00007fa5890de000 JavaThread "C1 CompilerThread3" daemon [_thread_blocked, id=21763, stack(0x000070000db5d000,0x000070000dc5d000)]
  0x00007fa58903b800 JavaThread "C2 CompilerThread2" daemon [_thread_blocked, id=15875, stack(0x000070000da5a000,0x000070000db5a000)]
  0x00007fa58c84a800 JavaThread "C2 CompilerThread1" daemon [_thread_blocked, id=15363, stack(0x000070000d957000,0x000070000da57000)]
  0x00007fa58987f000 JavaThread "C2 CompilerThread0" daemon [_thread_blocked, id=16643, stack(0x000070000d854000,0x000070000d954000)]
  0x00007fa58c82b000 JavaThread "JDWP Event Helper Thread" daemon [_thread_blocked, id=17155, stack(0x000070000d64e000,0x000070000d74e000)]
  0x00007fa58c80b000 JavaThread "Signal Dispatcher" daemon [_thread_blocked, id=14083, stack(0x000070000d448000,0x000070000d548000)]
  0x00007fa58c024800 JavaThread "Finalizer" daemon [_thread_blocked, id=19715, stack(0x000070000d23f000,0x000070000d33f000)]
  0x00007fa589012800 JavaThread "Reference Handler" daemon [_thread_blocked, id=12291, stack(0x000070000d13c000,0x000070000d23c000)]
=>0x00007fa58900e800 JavaThread "main" [_thread_in_native, id=2819, stack(0x000070000c71e000,0x000070000c81e000)]

Other Threads:
  0x00007fa58c80a800 VMThread [stack: 0x000070000d039000,0x000070000d139000] [id=20483]
  0x00007fa5890df800 WatcherThread [stack: 0x000070000dd63000,0x000070000de63000] [id=22275]

VM state:not at safepoint (normal execution)

VM Mutex/Monitor currently owned by a thread: None

heap address: 0x00000006c0000000, size: 4096 MB, Compressed Oops mode: Zero based, Oop shift amount: 3
Narrow klass base: 0x0000000000000000, Narrow klass shift: 3
Compressed class space size: 1073741824 Address: 0x00000007c0000000

Heap:
 PSYoungGen      total 76288K, used 13109K [0x000000076ab00000, 0x0000000770000000, 0x00000007c0000000)
  eden space 65536K, 20% used [0x000000076ab00000,0x000000076b7cd668,0x000000076eb00000)
  from space 10752K, 0% used [0x000000076f580000,0x000000076f580000,0x0000000770000000)
  to   space 10752K, 0% used [0x000000076eb00000,0x000000076eb00000,0x000000076f580000)
 ParOldGen       total 175104K, used 0K [0x00000006c0000000, 0x00000006cab00000, 0x000000076ab00000)
  object space 175104K, 0% used [0x00000006c0000000,0x00000006c0000000,0x00000006cab00000)
 Metaspace       used 6038K, capacity 6220K, committed 6400K, reserved 1056768K
  class space    used 664K, capacity 709K, committed 768K, reserved 1048576K

Card table byte_map: [0x0000000104a18000,0x0000000105219000] byte_map_base: 0x0000000101418000

Marking Bits: (ParMarkBitMap*) 0x0000000103e91eb0
 Begin Bits: [0x0000000119800000, 0x000000011d800000)
 End Bits:   [0x000000011d800000, 0x0000000121800000)

Polling page: 0x0000000104593000

CodeCache: size=245760Kb used=2024Kb max_used=2035Kb free=243735Kb
 bounds [0x000000010a800000, 0x000000010aa70000, 0x0000000119800000]
 total_blobs=737 nmethods=407 adapters=252
 compilation: enabled

Compilation events (10 events):
Event: 0.939 Thread 0x00007fa5890de000 nmethod 402 0x000000010a9f6650 code [0x000000010a9f67e0, 0x000000010a9f6c28]
Event: 0.939 Thread 0x00007fa5890de000  403       3       java.lang.ref.Finalizer::<init> (23 bytes)
Event: 0.939 Thread 0x00007fa5890de000 nmethod 403 0x000000010a9f6e10 code [0x000000010a9f6fa0, 0x000000010a9f7348]
Event: 0.939 Thread 0x00007fa5890de000  404       1       java.security.ProtectionDomain::getCodeSource (5 bytes)
Event: 0.939 Thread 0x00007fa5890de000 nmethod 404 0x000000010a9f7490 code [0x000000010a9f75e0, 0x000000010a9f76f0]
Event: 0.940 Thread 0x00007fa5890de000  405       3       sun.net.www.ParseUtil::encodePath (336 bytes)
Event: 0.941 Thread 0x00007fa5890de000 nmethod 405 0x000000010a9f7750 code [0x000000010a9f79c0, 0x000000010a9f8a38]
Event: 0.941 Thread 0x00007fa5890de000  406       3       java.io.File::getName (42 bytes)
Event: 0.941 Thread 0x00007fa5890de000 nmethod 406 0x000000010a9f9250 code [0x000000010a9f93e0, 0x000000010a9f98c8]
Event: 0.945 Thread 0x00007fa58987f000 nmethod 393 0x000000010a9fcd10 code [0x000000010a9fce80, 0x000000010a9fd4f8]

GC Heap History (0 events):
No events

Deoptimization events (0 events):
No events

Classes redefined (0 events):
No events

Internal exceptions (8 events):
Event: 0.034 Thread 0x00007fa58900e800 Exception <a 'java/lang/NoSuchMethodError': Method sun.misc.Unsafe.defineClass(Ljava/lang/String;[BII)Ljava/lang/Class; name or signature does not match> (0x000000076ab07cb8) thrown at [/Users/java_re/workspace/8-2-build-macosx-x86_64/jdk8u231/13620/hotsp
Event: 0.034 Thread 0x00007fa58900e800 Exception <a 'java/lang/NoSuchMethodError': Method sun.misc.Unsafe.prefetchRead(Ljava/lang/Object;J)V name or signature does not match> (0x000000076ab07fa0) thrown at [/Users/java_re/workspace/8-2-build-macosx-x86_64/jdk8u231/13620/hotspot/src/share/vm/pr
Event: 0.269 Thread 0x00007fa58900e800 Exception <a 'java/lang/NoSuchFieldError': method resolution failed> (0x000000076b227568) thrown at [/Users/java_re/workspace/8-2-build-macosx-x86_64/jdk8u231/13620/hotspot/src/share/vm/prims/methodHandles.cpp, line 1167]
Event: 0.270 Thread 0x00007fa58900e800 Exception <a 'java/lang/NoSuchFieldError': method resolution failed> (0x000000076b235eb8) thrown at [/Users/java_re/workspace/8-2-build-macosx-x86_64/jdk8u231/13620/hotspot/src/share/vm/prims/methodHandles.cpp, line 1167]
Event: 0.330 Thread 0x00007fa58900e800 Exception <a 'java/security/PrivilegedActionException'> (0x000000076b3d47c0) thrown at [/Users/java_re/workspace/8-2-build-macosx-x86_64/jdk8u231/13620/hotspot/src/share/vm/prims/jvm.cpp, line 1502]
Event: 0.330 Thread 0x00007fa58900e800 Exception <a 'java/security/PrivilegedActionException'> (0x000000076b3d4bb8) thrown at [/Users/java_re/workspace/8-2-build-macosx-x86_64/jdk8u231/13620/hotspot/src/share/vm/prims/jvm.cpp, line 1502]
Event: 0.330 Thread 0x00007fa58900e800 Exception <a 'java/security/PrivilegedActionException'> (0x000000076b3d82b8) thrown at [/Users/java_re/workspace/8-2-build-macosx-x86_64/jdk8u231/13620/hotspot/src/share/vm/prims/jvm.cpp, line 1502]
Event: 0.330 Thread 0x00007fa58900e800 Exception <a 'java/security/PrivilegedActionException'> (0x000000076b3d86b0) thrown at [/Users/java_re/workspace/8-2-build-macosx-x86_64/jdk8u231/13620/hotspot/src/share/vm/prims/jvm.cpp, line 1502]

Events (10 events):
Event: 66.318 Executing VM operation: GetOrSetLocal done
Event: 66.318 Executing VM operation: GetOrSetLocal
Event: 66.318 Executing VM operation: GetOrSetLocal done
Event: 66.318 Executing VM operation: GetOrSetLocal
Event: 66.318 Executing VM operation: GetOrSetLocal done
Event: 66.318 Executing VM operation: GetOrSetLocal
Event: 66.318 Executing VM operation: GetOrSetLocal done
Event: 101.421 Executing VM operation: ChangeBreakpoints
Event: 101.421 Executing VM operation: ChangeBreakpoints done
Event: 101.421 Thread 0x00007fa58b80b800 Thread exited: 0x00007fa58b80b800


Dynamic libraries:
0x00007fff34ee0000 	/System/Library/Frameworks/Cocoa.framework/Versions/A/Cocoa
0x00007fff2222a000 	/System/Library/Frameworks/Security.framework/Versions/A/Security
0x00007fff330e8000 	/System/Library/Frameworks/ApplicationServices.framework/Versions/A/ApplicationServices
0x00007fff2a4ac000 	/usr/lib/libz.1.dylib
0x00007fff2a574000 	/usr/lib/libSystem.B.dylib
0x00007fff20233000 	/usr/lib/libobjc.A.dylib
0x00007fff20413000 	/System/Library/Frameworks/CoreFoundation.framework/Versions/A/CoreFoundation
0x00007fff211c2000 	/System/Library/Frameworks/Foundation.framework/Versions/C/Foundation
0x00007fff22c5b000 	/System/Library/Frameworks/AppKit.framework/Versions/C/AppKit
0x00007fff25b1f000 	/System/Library/Frameworks/CoreData.framework/Versions/A/CoreData
0x00007fff239a7000 	/System/Library/PrivateFrameworks/UIFoundation.framework/Versions/A/UIFoundation
0x00007fff2fba2000 	/System/Library/PrivateFrameworks/RemoteViewServices.framework/Versions/A/RemoteViewServices
0x00007fff289b8000 	/System/Library/PrivateFrameworks/XCTTargetBootstrap.framework/Versions/A/XCTTargetBootstrap
0x00007fff2b69e000 	/usr/lib/libspindump.dylib
0x00007fff23bf6000 	/System/Library/Frameworks/UniformTypeIdentifiers.framework/Versions/A/UniformTypeIdentifiers
0x00007fff271bc000 	/usr/lib/libapp_launch_measurement.dylib
0x00007fff271bf000 	/System/Library/PrivateFrameworks/CoreAutoLayout.framework/Versions/A/CoreAutoLayout
0x00007fff2831f000 	/System/Library/Frameworks/Metal.framework/Versions/A/Metal
0x00007fff29015000 	/usr/lib/liblangid.dylib
0x00007fff289bc000 	/System/Library/PrivateFrameworks/CoreSVG.framework/Versions/A/CoreSVG
0x00007fff24c36000 	/System/Library/PrivateFrameworks/SkyLight.framework/Versions/A/SkyLight
0x00007fff24f9c000 	/System/Library/Frameworks/CoreGraphics.framework/Versions/A/CoreGraphics
0x00007fff300c9000 	/System/Library/Frameworks/Accelerate.framework/Versions/A/Accelerate
0x00007fff2b0dc000 	/System/Library/PrivateFrameworks/IconServices.framework/Versions/A/IconServices
0x00007fff28303000 	/System/Library/Frameworks/IOSurface.framework/Versions/A/IOSurface
0x00007fff264a7000 	/usr/lib/libDiagnosticMessagesClient.dylib
0x00007fff289a4000 	/System/Library/PrivateFrameworks/DFRFoundation.framework/Versions/A/DFRFoundation
0x00007fff22582000 	/usr/lib/libicucore.A.dylib
0x00007fff2cbe1000 	/System/Library/Frameworks/AudioToolbox.framework/Versions/A/AudioToolbox
0x00007fff2be69000 	/System/Library/PrivateFrameworks/DataDetectorsCore.framework/Versions/A/DataDetectorsCore
0x00007fff24ba9000 	/usr/lib/libMobileGestalt.dylib
0x00007fff286a8000 	/System/Library/Frameworks/Carbon.framework/Versions/A/Frameworks/HIToolbox.framework/Versions/A/HIToolbox
0x00007fff26c01000 	/System/Library/Frameworks/QuartzCore.framework/Versions/A/QuartzCore
0x00007fff2fbda000 	/System/Library/Frameworks/Carbon.framework/Versions/A/Frameworks/SpeechRecognition.framework/Versions/A/SpeechRecognition
0x00007fff26f21000 	/System/Library/PrivateFrameworks/CoreUI.framework/Versions/A/CoreUI
0x00007fff21b98000 	/System/Library/Frameworks/CoreAudio.framework/Versions/A/CoreAudio
0x00007fff26592000 	/System/Library/Frameworks/DiskArbitration.framework/Versions/A/DiskArbitration
0x00007fff2ba6c000 	/System/Library/PrivateFrameworks/MultitouchSupport.framework/Versions/A/MultitouchSupport
0x00007fff2be60000 	/System/Library/PrivateFrameworks/InternationalSupport.framework/Versions/A/InternationalSupport
0x00007fff24ba8000 	/usr/lib/libenergytrace.dylib
0x00007fff22b52000 	/System/Library/Frameworks/IOKit.framework/Versions/A/IOKit
0x00007fff2ff0d000 	/System/Library/Frameworks/CoreServices.framework/Versions/A/CoreServices
0x00007fff2714e000 	/System/Library/PrivateFrameworks/PerformanceAnalysis.framework/Versions/A/PerformanceAnalysis
0x00007fff6ba7a000 	/System/Library/Frameworks/OpenGL.framework/Versions/A/OpenGL
0x00007fff2bee4000 	/System/Library/PrivateFrameworks/UserActivity.framework/Versions/A/UserActivity
0x00007fff25626000 	/System/Library/Frameworks/ColorSync.framework/Versions/A/ColorSync
0x00007fff28c23000 	/System/Library/Frameworks/CoreImage.framework/Versions/A/CoreImage
0x00007fff219b2000 	/System/Library/Frameworks/CoreText.framework/Versions/A/CoreText
0x00007fff289e6000 	/System/Library/Frameworks/ImageIO.framework/Versions/A/ImageIO
0x00007fff2a57a000 	/System/Library/PrivateFrameworks/SoftLinking.framework/Versions/A/SoftLinking
0x00007fff27207000 	/usr/lib/libxml2.2.dylib
0x00007fff202f9000 	/usr/lib/libc++.1.dylib
0x00007fff2a7eb000 	/usr/lib/libcompression.dylib
0x00007fff2bd92000 	/System/Library/PrivateFrameworks/TextureIO.framework/Versions/A/TextureIO
0x00007fff2ae1a000 	/usr/lib/libate.dylib
0x00007fff2a56e000 	/usr/lib/system/libcache.dylib
0x00007fff2a52a000 	/usr/lib/system/libcommonCrypto.dylib
0x00007fff2a554000 	/usr/lib/system/libcompiler_rt.dylib
0x00007fff2a549000 	/usr/lib/system/libcopyfile.dylib
0x00007fff20123000 	/usr/lib/system/libcorecrypto.dylib
0x00007fff201ee000 	/usr/lib/system/libdispatch.dylib
0x00007fff203a1000 	/usr/lib/system/libdyld.dylib
0x00007fff2a565000 	/usr/lib/system/libkeymgr.dylib
0x00007fff2d978000 	/usr/lib/system/liblaunch.dylib
0x00007fff2a508000 	/usr/lib/system/libmacho.dylib
0x00007fff29d00000 	/usr/lib/system/libquarantine.dylib
0x00007fff2a562000 	/usr/lib/system/libremovefile.dylib
0x00007fff24c06000 	/usr/lib/system/libsystem_asl.dylib
0x00007fff200d3000 	/usr/lib/system/libsystem_blocks.dylib
0x00007fff20270000 	/usr/lib/system/libsystem_c.dylib
0x00007fff2a55c000 	/usr/lib/system/libsystem_collections.dylib
0x00007fff29006000 	/usr/lib/system/libsystem_configuration.dylib
0x00007fff282f2000 	/usr/lib/system/libsystem_containermanager.dylib
0x00007fff2a2ab000 	/usr/lib/system/libsystem_coreservices.dylib
0x00007fff227e2000 	/usr/lib/system/libsystem_darwin.dylib
0x00007fff2a566000 	/usr/lib/system/libsystem_dnssd.dylib
0x00007fff2026d000 	/usr/lib/system/libsystem_featureflags.dylib
0x00007fff203e7000 	/usr/lib/system/libsystem_info.dylib
0x00007fff2a4bf000 	/usr/lib/system/libsystem_m.dylib
0x00007fff201c1000 	/usr/lib/system/libsystem_malloc.dylib
0x00007fff24b99000 	/usr/lib/system/libsystem_networkextension.dylib
0x00007fff22c01000 	/usr/lib/system/libsystem_notify.dylib
0x00007fff2fe0f000 	/usr/lib/system/libsystem_product_info_filter.dylib
0x00007fff2900a000 	/usr/lib/system/libsystem_sandbox.dylib
0x00007fff2a55f000 	/usr/lib/system/libsystem_secinit.dylib
0x00007fff20365000 	/usr/lib/system/libsystem_kernel.dylib
0x00007fff203dd000 	/usr/lib/system/libsystem_platform.dylib
0x00007fff20395000 	/usr/lib/system/libsystem_pthread.dylib
0x00007fff262e3000 	/usr/lib/system/libsystem_symptoms.dylib
0x00007fff2010b000 	/usr/lib/system/libsystem_trace.dylib
0x00007fff2a536000 	/usr/lib/system/libunwind.dylib
0x00007fff200d5000 	/usr/lib/system/libxpc.dylib
0x00007fff2034f000 	/usr/lib/libc++abi.dylib
0x00007fff2a541000 	/usr/lib/liboah.dylib
0x00007fff2abff000 	/usr/lib/liblzma.5.dylib
0x00007fff20ed6000 	/System/Library/Frameworks/SystemConfiguration.framework/Versions/A/SystemConfiguration
0x00007fff2a576000 	/usr/lib/libfakelink.dylib
0x00007fff246fa000 	/System/Library/Frameworks/CFNetwork.framework/Versions/A/CFNetwork
0x00007fff2a6b6000 	/usr/lib/libarchive.2.dylib
0x00007fff20f54000 	/usr/lib/libCRFSuite.dylib
0x00007fff29d27000 	/usr/lib/libbsm.0.dylib
0x00007fff24073000 	/usr/lib/libnetwork.dylib
0x00007fff2a57b000 	/usr/lib/libpcap.A.dylib
0x00007fff262dc000 	/usr/lib/libdns_services.dylib
0x00007fff2ac18000 	/usr/lib/libcoretls_cfhelpers.dylib
0x00007fff2a7b5000 	/usr/lib/libapple_nghttp2.dylib
0x00007fff2a50e000 	/usr/lib/system/libkxld.dylib
0x00007fff25f55000 	/usr/lib/libsqlite3.dylib
0x00007fff2a28e000 	/System/Library/PrivateFrameworks/AppleFSCompression.framework/Versions/A/AppleFSCompression
0x00007fff29d0f000 	/usr/lib/libcoretls.dylib
0x00007fff2a7e6000 	/usr/lib/libpam.2.dylib
0x00007fff2ad16000 	/usr/lib/libxar.1.dylib
0x00007fff29011000 	/System/Library/PrivateFrameworks/AppleSystemInfo.framework/Versions/A/AppleSystemInfo
0x00007fff29951000 	/System/Library/PrivateFrameworks/IOMobileFramebuffer.framework/Versions/A/IOMobileFramebuffer
0x00007fff2a29e000 	/usr/lib/libbz2.1.0.dylib
0x00007fff2a5b3000 	/usr/lib/libiconv.2.dylib
0x00007fff2a507000 	/usr/lib/libcharset.1.dylib
0x00007fff2718a000 	/System/Library/Frameworks/CoreServices.framework/Versions/A/Frameworks/FSEvents.framework/Versions/A/FSEvents
0x00007fff227ec000 	/System/Library/Frameworks/CoreServices.framework/Versions/A/Frameworks/CarbonCore.framework/Versions/A/CarbonCore
0x00007fff264f7000 	/System/Library/Frameworks/CoreServices.framework/Versions/A/Frameworks/Metadata.framework/Versions/A/Metadata
0x00007fff2a2b0000 	/System/Library/Frameworks/CoreServices.framework/Versions/A/Frameworks/OSServices.framework/Versions/A/OSServices
0x00007fff2a728000 	/System/Library/Frameworks/CoreServices.framework/Versions/A/Frameworks/SearchKit.framework/Versions/A/SearchKit
0x00007fff26267000 	/System/Library/Frameworks/CoreServices.framework/Versions/A/Frameworks/AE.framework/Versions/A/AE
0x00007fff208b1000 	/System/Library/Frameworks/CoreServices.framework/Versions/A/Frameworks/LaunchServices.framework/Versions/A/LaunchServices
0x00007fff2abaf000 	/System/Library/Frameworks/CoreServices.framework/Versions/A/Frameworks/DictionaryServices.framework/Versions/A/DictionaryServices
0x00007fff27197000 	/System/Library/Frameworks/CoreServices.framework/Versions/A/Frameworks/SharedFileList.framework/Versions/A/SharedFileList
0x00007fff29d03000 	/usr/lib/libCheckFix.dylib
0x00007fff24c1d000 	/System/Library/PrivateFrameworks/TCC.framework/Versions/A/TCC
0x00007fff29017000 	/System/Library/PrivateFrameworks/CoreNLP.framework/Versions/A/CoreNLP
0x00007fff264aa000 	/System/Library/PrivateFrameworks/MetadataUtilities.framework/Versions/A/MetadataUtilities
0x00007fff20f89000 	/usr/lib/libmecabra.dylib
0x00007fff2a00d000 	/System/Library/Frameworks/MLCompute.framework/Versions/A/MLCompute
0x00007fff29d38000 	/usr/lib/libmecab.dylib
0x00007fff29d82000 	/usr/lib/libgermantok.dylib
0x00007fff2a790000 	/usr/lib/libThaiTokenizer.dylib
0x00007fff2ad51000 	/usr/lib/libChineseTokenizer.dylib
0x00007fff2a7e4000 	/System/Library/Frameworks/MetalPerformanceShaders.framework/Versions/A/MetalPerformanceShaders
0x00007fff26599000 	/System/Library/Frameworks/Accelerate.framework/Versions/A/Frameworks/vImage.framework/Versions/A/vImage
0x00007fff2fee7000 	/System/Library/Frameworks/Accelerate.framework/Versions/A/Frameworks/vecLib.framework/Versions/A/vecLib
0x00007fff2ad5c000 	/System/Library/Frameworks/Accelerate.framework/Versions/A/Frameworks/vecLib.framework/Versions/A/libvMisc.dylib
0x00007fff2976c000 	/System/Library/Frameworks/Accelerate.framework/Versions/A/Frameworks/vecLib.framework/Versions/A/libvDSP.dylib
0x00007fff20bbc000 	/System/Library/Frameworks/Accelerate.framework/Versions/A/Frameworks/vecLib.framework/Versions/A/libBLAS.dylib
0x00007fff2a811000 	/System/Library/Frameworks/Accelerate.framework/Versions/A/Frameworks/vecLib.framework/Versions/A/libLAPACK.dylib
0x00007fff29d88000 	/System/Library/Frameworks/Accelerate.framework/Versions/A/Frameworks/vecLib.framework/Versions/A/libLinearAlgebra.dylib
0x00007fff2a7cd000 	/System/Library/Frameworks/Accelerate.framework/Versions/A/Frameworks/vecLib.framework/Versions/A/libSparseBLAS.dylib
0x00007fff2a80b000 	/System/Library/Frameworks/Accelerate.framework/Versions/A/Frameworks/vecLib.framework/Versions/A/libQuadrature.dylib
0x00007fff290c3000 	/System/Library/Frameworks/Accelerate.framework/Versions/A/Frameworks/vecLib.framework/Versions/A/libBNNS.dylib
0x00007fff20e67000 	/System/Library/Frameworks/Accelerate.framework/Versions/A/Frameworks/vecLib.framework/Versions/A/libSparse.dylib
0x00007fff28f9f000 	/System/Library/Frameworks/MetalPerformanceShaders.framework/Versions/A/Frameworks/MPSCore.framework/Versions/A/MPSCore
0x00007fff2a1fd000 	/System/Library/Frameworks/MetalPerformanceShaders.framework/Versions/A/Frameworks/MPSImage.framework/Versions/A/MPSImage
0x00007fff29d9e000 	/System/Library/Frameworks/MetalPerformanceShaders.framework/Versions/A/Frameworks/MPSNeuralNetwork.framework/Versions/A/MPSNeuralNetwork
0x00007fff2a16f000 	/System/Library/Frameworks/MetalPerformanceShaders.framework/Versions/A/Frameworks/MPSMatrix.framework/Versions/A/MPSMatrix
0x00007fff29fbd000 	/System/Library/Frameworks/MetalPerformanceShaders.framework/Versions/A/Frameworks/MPSRayIntersector.framework/Versions/A/MPSRayIntersector
0x00007fff2a1a6000 	/System/Library/Frameworks/MetalPerformanceShaders.framework/Versions/A/Frameworks/MPSNDArray.framework/Versions/A/MPSNDArray
0x00007fff20ae7000 	/System/Library/PrivateFrameworks/MetalTools.framework/Versions/A/MetalTools
0x00007fff2900f000 	/System/Library/PrivateFrameworks/AggregateDictionary.framework/Versions/A/AggregateDictionary
0x00007fff26477000 	/System/Library/PrivateFrameworks/CoreAnalytics.framework/Versions/A/CoreAnalytics
0x00007fff2a792000 	/System/Library/PrivateFrameworks/AppleSauce.framework/Versions/A/AppleSauce
0x00007fff28315000 	/System/Library/PrivateFrameworks/IOAccelerator.framework/Versions/A/IOAccelerator
0x00007fff6ba6e000 	/System/Library/Frameworks/OpenGL.framework/Versions/A/Libraries/libCoreFSCache.dylib
0x00007fff21521000 	/System/Library/PrivateFrameworks/LanguageModeling.framework/Versions/A/LanguageModeling
0x00007fff2993f000 	/System/Library/PrivateFrameworks/CoreEmoji.framework/Versions/A/CoreEmoji
0x00007fff290bc000 	/System/Library/PrivateFrameworks/LinguisticData.framework/Versions/A/LinguisticData
0x00007fff20e19000 	/System/Library/PrivateFrameworks/Lexicon.framework/Versions/A/Lexicon
0x00007fff2a6a4000 	/usr/lib/libcmph.dylib
0x00007fff2716a000 	/System/Library/Frameworks/OpenDirectory.framework/Versions/A/Frameworks/CFOpenDirectory.framework/Versions/A/CFOpenDirectory
0x00007fff2715a000 	/System/Library/Frameworks/OpenDirectory.framework/Versions/A/OpenDirectory
0x00007fff2ac1a000 	/System/Library/PrivateFrameworks/APFS.framework/Versions/A/APFS
0x00007fff29c65000 	/System/Library/Frameworks/SecurityFoundation.framework/Versions/A/SecurityFoundation
0x00007fff2ad24000 	/usr/lib/libutil.dylib
0x00007fff22b17000 	/System/Library/PrivateFrameworks/CoreServicesStore.framework/Versions/A/CoreServicesStore
0x00007fff29cfb000 	/System/Library/Frameworks/ServiceManagement.framework/Versions/A/ServiceManagement
0x00007fff2ad28000 	/usr/lib/libxslt.1.dylib
0x00007fff29cf1000 	/System/Library/PrivateFrameworks/BackgroundTaskManagement.framework/Versions/A/BackgroundTaskManagement
0x00007fff2bcdc000 	/System/Library/Frameworks/ImageIO.framework/Versions/A/Resources/libRadiance.dylib
0x00007fff2bce6000 	/System/Library/Frameworks/ImageIO.framework/Versions/A/Resources/libJPEG.dylib
0x00007fff2bc36000 	/System/Library/Frameworks/ImageIO.framework/Versions/A/Resources/libPng.dylib
0x00007fff2bc57000 	/System/Library/Frameworks/ImageIO.framework/Versions/A/Resources/libTIFF.dylib
0x00007fff2bd3b000 	/System/Library/Frameworks/ImageIO.framework/Versions/A/Resources/libGIF.dylib
0x00007fff2b988000 	/System/Library/Frameworks/ImageIO.framework/Versions/A/Resources/libJP2.dylib
0x00007fff2b0a3000 	/usr/lib/libexpat.1.dylib
0x00007fff2b93e000 	/System/Library/PrivateFrameworks/AppleJPEG.framework/Versions/A/AppleJPEG
0x00007fff2854b000 	/System/Library/PrivateFrameworks/FontServices.framework/libFontParser.dylib
0x00007fff2621e000 	/System/Library/PrivateFrameworks/RunningBoardServices.framework/Versions/A/RunningBoardServices
0x00007fff2ba68000 	/System/Library/PrivateFrameworks/WatchdogClient.framework/Versions/A/WatchdogClient
0x00007fff2160a000 	/System/Library/Frameworks/CoreDisplay.framework/Versions/A/CoreDisplay
0x00007fff28460000 	/System/Library/Frameworks/CoreMedia.framework/Versions/A/CoreMedia
0x00007fff272ea000 	/System/Library/Frameworks/CoreVideo.framework/Versions/A/CoreVideo
0x00007fff2baa3000 	/System/Library/Frameworks/VideoToolbox.framework/Versions/A/VideoToolbox
0x00007fff2619e000 	/System/Library/PrivateFrameworks/BaseBoard.framework/Versions/A/BaseBoard
0x00007fff2b1e8000 	/System/Library/PrivateFrameworks/PersistentConnection.framework/Versions/A/PersistentConnection
0x00007fff25f3f000 	/System/Library/PrivateFrameworks/ProtocolBuffer.framework/Versions/A/ProtocolBuffer
0x00007fff26186000 	/System/Library/PrivateFrameworks/CommonUtilities.framework/Versions/A/CommonUtilities
0x00007fff2b901000 	/System/Library/PrivateFrameworks/Bom.framework/Versions/A/Bom
0x00007fff2bcd4000 	/System/Library/PrivateFrameworks/GPUWrangler.framework/Versions/A/GPUWrangler
0x00007fff2bcb7000 	/System/Library/PrivateFrameworks/IOPresentment.framework/Versions/A/IOPresentment
0x00007fff2bce0000 	/System/Library/PrivateFrameworks/DSExternalDisplay.framework/Versions/A/DSExternalDisplay
0x00007fff2bd40000 	/System/Library/PrivateFrameworks/CMCaptureCore.framework/Versions/A/CMCaptureCore
0x00007fff2b684000 	/System/Library/PrivateFrameworks/AppServerSupport.framework/Versions/A/AppServerSupport
0x00007fff2d71b000 	/System/Library/PrivateFrameworks/perfdata.framework/Versions/A/perfdata
0x00007fff29c54000 	/System/Library/PrivateFrameworks/AssertionServices.framework/Versions/A/AssertionServices
0x00007fff21741000 	/System/Library/PrivateFrameworks/AudioToolboxCore.framework/Versions/A/AudioToolboxCore
0x00007fff28443000 	/System/Library/PrivateFrameworks/caulk.framework/Versions/A/caulk
0x00007fff3cbc7000 	/System/Library/PrivateFrameworks/SystemPolicy.framework/Versions/A/SystemPolicy
0x00007fff2aeb2000 	/usr/lib/libIOReport.dylib
0x00007fff2cf57000 	/usr/lib/libSMC.dylib
0x00007fff2bc02000 	/usr/lib/libAudioToolboxUtility.dylib
0x00007fff3d524000 	/usr/lib/libmis.dylib
0x00007fff6baca000 	/System/Library/Frameworks/OpenGL.framework/Versions/A/Libraries/libGLU.dylib
0x00007fff6ba8d000 	/System/Library/Frameworks/OpenGL.framework/Versions/A/Libraries/libGFXShared.dylib
0x00007fff6bc9b000 	/System/Library/Frameworks/OpenGL.framework/Versions/A/Libraries/libGL.dylib
0x00007fff6ba96000 	/System/Library/Frameworks/OpenGL.framework/Versions/A/Libraries/libGLImage.dylib
0x00007fff6ba8a000 	/System/Library/Frameworks/OpenGL.framework/Versions/A/Libraries/libCVMSPluginSupport.dylib
0x00007fff6ba75000 	/System/Library/Frameworks/OpenGL.framework/Versions/A/Libraries/libCoreVMClient.dylib
0x00007fff6d0e5000 	/System/Library/Frameworks/OpenCL.framework/Versions/A/OpenCL
0x00007fff2b211000 	/System/Library/PrivateFrameworks/GraphVisualizer.framework/Versions/A/GraphVisualizer
0x00007fff2b220000 	/System/Library/PrivateFrameworks/FaceCore.framework/Versions/A/FaceCore
0x00007fff2b63c000 	/System/Library/PrivateFrameworks/OTSVG.framework/Versions/A/OTSVG
0x00007fff26edf000 	/System/Library/Frameworks/ApplicationServices.framework/Versions/A/Frameworks/ATS.framework/Versions/A/Resources/libFontRegistry.dylib
0x00007fff2b68b000 	/System/Library/PrivateFrameworks/FontServices.framework/libhvf.dylib
0x00007fff2b04f000 	/System/Library/PrivateFrameworks/AppleVA.framework/Versions/A/AppleVA
0x00007fff2cd9f000 	/System/Library/Frameworks/ApplicationServices.framework/Versions/A/Frameworks/ATS.framework/Versions/A/ATS
0x00007fff2d0b2000 	/System/Library/Frameworks/ApplicationServices.framework/Versions/A/Frameworks/ColorSyncLegacy.framework/Versions/A/ColorSyncLegacy
0x00007fff2571d000 	/System/Library/Frameworks/ApplicationServices.framework/Versions/A/Frameworks/HIServices.framework/Versions/A/HIServices
0x00007fff2d097000 	/System/Library/Frameworks/ApplicationServices.framework/Versions/A/Frameworks/LangAnalysis.framework/Versions/A/LangAnalysis
0x00007fff2bd4a000 	/System/Library/Frameworks/ApplicationServices.framework/Versions/A/Frameworks/PrintCore.framework/Versions/A/PrintCore
0x00007fff2d0ba000 	/System/Library/Frameworks/ApplicationServices.framework/Versions/A/Frameworks/QD.framework/Versions/A/QD
0x00007fff2cd8f000 	/System/Library/Frameworks/ApplicationServices.framework/Versions/A/Frameworks/SpeechSynthesis.framework/Versions/A/SpeechSynthesis
0x00007fff2bd0b000 	/System/Library/Frameworks/ApplicationServices.framework/Versions/A/Frameworks/ATSUI.framework/Versions/A/ATSUI
0x00007fff2d037000 	/usr/lib/libcups.2.dylib
0x00007fff2d0a7000 	/System/Library/PrivateFrameworks/NetAuth.framework/Versions/A/NetAuth
0x00007fff2d736000 	/System/Library/Frameworks/Kerberos.framework/Versions/A/Kerberos
0x00007fff2d746000 	/System/Library/Frameworks/GSS.framework/Versions/A/GSS
0x00007fff2ce0c000 	/usr/lib/libresolv.9.dylib
0x00007fff2b6a1000 	/System/Library/PrivateFrameworks/Heimdal.framework/Versions/A/Heimdal
0x00007fff333fd000 	/System/Library/Frameworks/Kerberos.framework/Versions/A/Libraries/libHeimdalProxy.dylib
0x00007fff262eb000 	/System/Library/Frameworks/Network.framework/Versions/A/Network
0x00007fff2b0bd000 	/usr/lib/libheimdal-asn1.dylib
0x00007fff2d797000 	/System/Library/PrivateFrameworks/CommonAuth.framework/Versions/A/CommonAuth
0x00007fff27338000 	/System/Library/PrivateFrameworks/login.framework/Versions/A/Frameworks/loginsupport.framework/Versions/A/loginsupport
0x00007fff2cd16000 	/System/Library/PrivateFrameworks/AudioSession.framework/Versions/A/AudioSession
0x00007fff2cd7c000 	/usr/lib/libAudioStatistics.dylib
0x00007fff2b149000 	/System/Library/PrivateFrameworks/MediaExperience.framework/Versions/A/MediaExperience
0x00007fff2cbaf000 	/System/Library/PrivateFrameworks/AudioSession.framework/libSessionUtility.dylib
0x00007fff2d727000 	/usr/lib/libperfcheck.dylib
0x00007fff2d0c6000 	/System/Library/PrivateFrameworks/AudioResourceArbitration.framework/Versions/A/AudioResourceArbitration
0x00007fff2b0c7000 	/System/Library/PrivateFrameworks/IconFoundation.framework/Versions/A/IconFoundation
0x00007fff2fbca000 	/System/Library/PrivateFrameworks/SpeechRecognitionCore.framework/Versions/A/SpeechRecognitionCore
0x00007fff5cea9000 	/System/Library/CoreServices/Encodings/libSimplifiedChineseConverter.dylib
0x0000000103595000 	/Library/Java/JavaVirtualMachines/jdk1.8.0_231.jdk/Contents/Home/jre/lib/server/libjvm.dylib
0x00007fff78033000 	/usr/lib/libstdc++.6.dylib
0x000000010454f000 	/Library/Java/JavaVirtualMachines/jdk1.8.0_231.jdk/Contents/Home/jre/lib/libverify.dylib
0x000000010455d000 	/Library/Java/JavaVirtualMachines/jdk1.8.0_231.jdk/Contents/Home/jre/lib/libjava.dylib
0x0000000104594000 	/Library/Java/JavaVirtualMachines/jdk1.8.0_231.jdk/Contents/Home/jre/lib/libjdwp.dylib
0x00000001045df000 	/Library/Java/JavaVirtualMachines/jdk1.8.0_231.jdk/Contents/Home/jre/lib/libnpt.dylib
0x00000001045e3000 	/Library/Java/JavaVirtualMachines/jdk1.8.0_231.jdk/Contents/Home/jre/lib/libinstrument.dylib
0x000000010464f000 	/Library/Java/JavaVirtualMachines/jdk1.8.0_231.jdk/Contents/Home/jre/lib/libzip.dylib
0x00000001061b6000 	/Library/Java/JavaVirtualMachines/jdk1.8.0_231.jdk/Contents/Home/jre/lib/libdt_socket.dylib
0x000000010641d000 	/Library/Java/JavaVirtualMachines/jdk1.8.0_231.jdk/Contents/Home/jre/lib/libnio.dylib
0x000000010642d000 	/Library/Java/JavaVirtualMachines/jdk1.8.0_231.jdk/Contents/Home/jre/lib/libnet.dylib
0x0000000123eb9000 	/private/var/folders/vl/5vfc8hd56ql5jbk5lbzvssd00000gn/T/librocksdbjni3576176130464932446.jnilib

VM Arguments:
jvm_args: -agentlib:jdwp=transport=dt_socket,address=127.0.0.1:51795,suspend=y,server=n -javaagent:/Users/curryzjj/Library/Caches/JetBrains/IdeaIC2021.2/captureAgent/debugger-agent.jar -Dfile.encoding=UTF-8 
java_command: RocksDBTest
java_class_path (initial): /Library/Java/JavaVirtualMachines/jdk1.8.0_231.jdk/Contents/Home/jre/lib/charsets.jar:/Library/Java/JavaVirtualMachines/jdk1.8.0_231.jdk/Contents/Home/jre/lib/deploy.jar:/Library/Java/JavaVirtualMachines/jdk1.8.0_231.jdk/Contents/Home/jre/lib/ext/cldrdata.jar:/Library/Java/JavaVirtualMachines/jdk1.8.0_231.jdk/Contents/Home/jre/lib/ext/dnsns.jar:/Library/Java/JavaVirtualMachines/jdk1.8.0_231.jdk/Contents/Home/jre/lib/ext/jaccess.jar:/Library/Java/JavaVirtualMachines/jdk1.8.0_231.jdk/Contents/Home/jre/lib/ext/jfxrt.jar:/Library/Java/JavaVirtualMachines/jdk1.8.0_231.jdk/Contents/Home/jre/lib/ext/localedata.jar:/Library/Java/JavaVirtualMachines/jdk1.8.0_231.jdk/Contents/Home/jre/lib/ext/nashorn.jar:/Library/Java/JavaVirtualMachines/jdk1.8.0_231.jdk/Contents/Home/jre/lib/ext/sunec.jar:/Library/Java/JavaVirtualMachines/jdk1.8.0_231.jdk/Contents/Home/jre/lib/ext/sunjce_provider.jar:/Library/Java/JavaVirtualMachines/jdk1.8.0_231.jdk/Contents/Home/jre/lib/ext/sunpkcs11.jar:/Library/Java/JavaVirtualMachines/jdk1.8.0_231.jdk/Contents/Home/jre/lib/ext/zipfs.jar:/Library/Java/JavaVirtualMachines/jdk1.8.0_231.jdk/Contents/Home/jre/lib/javaws.jar:/Library/Java/JavaVirtualMachines/jdk1.8.0_231.jdk/Contents/Home/jre/lib/jce.jar:/Library/Java/JavaVirtualMachines/jdk1.8.0_231.jdk/Contents/Home/jre/lib/jfr.jar:/Library/Java/JavaVirtualMachines/jdk1.8.0_231.jdk/Contents/Home/jre/lib/jfxswt.jar:/Library/Java/JavaVirtualMachines/jdk1.8.0_231.jdk/Contents/Home/jre/lib/jsse.jar:/Library/Java/JavaVirtualMachines/jdk1.8.0_231.jdk/Contents/Home/jre/lib/management-agent.jar:/Library/Java/JavaVirtualMachines/jdk1.8.0_231.jdk/Contents/Home/jre/lib/plugin.jar:/Library/Java/JavaVirtualMachines/jdk1.8.0_231.jdk/Contents/Home/jre/lib/resources.jar:/Library/Java/JavaVirtualMachines/jdk1.8.0_231.jdk/Contents/Home/jre/lib/rt.jar:/Library/Java/JavaVirtualMachines/jdk1.8.0_231.jdk/Contents/Home/lib/ant-javafx.jar:/Library/Java/JavaVirtualMachines/jdk1.8.0_231.jdk/Contents/Home
Launcher Type: SUN_STANDARD

Environment Variables:
JAVA_HOME=/Library/Java/JavaVirtualMachines/jdk1.8.0_231.jdk/Contents/Home
CLASSPATH=/Library/Java/JavaVirtualMachines/jdk1.8.0_231.jdk/Contents/Home/lib/tools.jar:/Library/Java/JavaVirtualMachines/jdk1.8.0_231.jdk/Contents/Home/lib/dt.jar:.
PATH=/Library/Java/JavaVirtualMachines/jdk1.8.0_231.jdk/Contents/Home/bin:/usr/local/bin:/usr/bin:/bin:/usr/sbin:/sbin:/Applications/VMware Fusion.app/Contents/Public:/usr/local/apache-maven-3.8.1/bin:.
SHELL=/bin/bash

Signal Handlers:
SIGSEGV: [libjvm.dylib+0x5b7e2b], sa_mask[0]=11111111011111110111111111111111, sa_flags=SA_ONSTACK|SA_RESTART|SA_SIGINFO
SIGBUS: [libjvm.dylib+0x5b7e2b], sa_mask[0]=11111111011111110111111111111111, sa_flags=SA_RESTART|SA_SIGINFO
SIGFPE: [libjvm.dylib+0x48c6ec], sa_mask[0]=11111111011111110111111111111111, sa_flags=SA_RESTART|SA_SIGINFO
SIGPIPE: [libjvm.dylib+0x48c6ec], sa_mask[0]=11111111011111110111111111111111, sa_flags=SA_RESTART|SA_SIGINFO
SIGXFSZ: [libjvm.dylib+0x48c6ec], sa_mask[0]=11111111011111110111111111111111, sa_flags=SA_RESTART|SA_SIGINFO
SIGILL: [libjvm.dylib+0x48c6ec], sa_mask[0]=11111111011111110111111111111111, sa_flags=SA_RESTART|SA_SIGINFO
SIGUSR1: SIG_DFL, sa_mask[0]=00000000000000000000000000000000, sa_flags=none
SIGUSR2: [libjvm.dylib+0x48c20a], sa_mask[0]=00100000000000000000000000000000, sa_flags=SA_RESTART|SA_SIGINFO
SIGHUP: [libjvm.dylib+0x48a795], sa_mask[0]=11111111011111110111111111111111, sa_flags=SA_RESTART|SA_SIGINFO
SIGINT: [libjvm.dylib+0x48a795], sa_mask[0]=11111111011111110111111111111111, sa_flags=SA_RESTART|SA_SIGINFO
SIGTERM: [libjvm.dylib+0x48a795], sa_mask[0]=11111111011111110111111111111111, sa_flags=SA_RESTART|SA_SIGINFO
SIGQUIT: [libjvm.dylib+0x48a795], sa_mask[0]=11111111011111110111111111111111, sa_flags=SA_RESTART|SA_SIGINFO


---------------  S Y S T E M  ---------------

OS:Bsduname:Darwin 20.6.0 Darwin Kernel Version 20.6.0: Mon Aug 30 06:12:21 PDT 2021; root:xnu-7195.141.6~3/RELEASE_X86_64 x86_64
rlimit: STACK 8192k, CORE 0k, NPROC 2784, NOFILE 10240, AS infinity
load average:2.50 3.11 3.17

CPU:total 8 (initial active 8) (4 cores per cpu, 2 threads per core) family 6 model 142 stepping 10, cmov, cx8, fxsr, mmx, sse, sse2, sse3, ssse3, sse4.1, sse4.2, popcnt, avx, avx2, aes, clmul, erms, 3dnowpref, lzcnt, ht, tsc, tscinvbit, bmi1, bmi2, adx

Memory: 4k page, physical 16777216k(237352k free)

/proc/meminfo:


vm_info: Java HotSpot(TM) 64-Bit Server VM (25.231-b11) for bsd-amd64 JRE (1.8.0_231-b11), built on Oct  5 2019 03:15:25 by "java_re" with gcc 4.2.1 (Based on Apple Inc. build 5658) (LLVM build 2336.11.00)

time: Wed Nov 17 09:08:41 2021
timezone: CST
elapsed time: 101 seconds (0d 0h 1m 41s)

